{"C:\\Users\\Usuario\\Documents\\MISOProyectos\\CuartoSemestre\\Métricas y calidad\\Entrega\\MISW4403_202414_E15\\src\\app.controller.ts": {"path":"C:\\Users\\Usuario\\Documents\\MISOProyectos\\CuartoSemestre\\Métricas y calidad\\Entrega\\MISW4403_202414_E15\\src\\app.controller.ts","statementMap":{"0":{"start":{"line":1,"column":0},"end":{"line":1,"column":49}},"1":{"start":{"line":2,"column":0},"end":{"line":2,"column":43}},"2":{"start":{"line":5,"column":7},"end":{"line":12,"column":null}},"3":{"start":{"line":6,"column":31},"end":{"line":6,"column":43}},"4":{"start":{"line":10,"column":4},"end":{"line":10,"column":38}},"5":{"start":{"line":5,"column":13},"end":{"line":5,"column":26}},"6":{"start":{"line":9,"column":2},"end":{"line":11,"column":null}},"7":{"start":{"line":5,"column":13},"end":{"line":12,"column":null}}},"fnMap":{"0":{"name":"(anonymous_2)","decl":{"start":{"line":6,"column":2},"end":{"line":6,"column":31}},"loc":{"start":{"line":6,"column":53},"end":{"line":6,"column":57}}},"1":{"name":"(anonymous_3)","decl":{"start":{"line":9,"column":2},"end":{"line":9,"column":10}},"loc":{"start":{"line":9,"column":10},"end":{"line":11,"column":3}}}},"branchMap":{},"s":{"0":0,"1":0,"2":0,"3":0,"4":0,"5":0,"6":0,"7":0},"f":{"0":0,"1":0},"b":{}}
,"C:\\Users\\Usuario\\Documents\\MISOProyectos\\CuartoSemestre\\Métricas y calidad\\Entrega\\MISW4403_202414_E15\\src\\app.module.ts": {"path":"C:\\Users\\Usuario\\Documents\\MISOProyectos\\CuartoSemestre\\Métricas y calidad\\Entrega\\MISW4403_202414_E15\\src\\app.module.ts","statementMap":{"0":{"start":{"line":1,"column":0},"end":{"line":1,"column":40}},"1":{"start":{"line":2,"column":0},"end":{"line":2,"column":51}},"2":{"start":{"line":3,"column":0},"end":{"line":3,"column":49}},"3":{"start":{"line":4,"column":0},"end":{"line":4,"column":43}},"4":{"start":{"line":5,"column":0},"end":{"line":5,"column":46}},"5":{"start":{"line":6,"column":0},"end":{"line":6,"column":48}},"6":{"start":{"line":7,"column":0},"end":{"line":7,"column":60}},"7":{"start":{"line":8,"column":0},"end":{"line":8,"column":57}},"8":{"start":{"line":9,"column":0},"end":{"line":9,"column":66}},"9":{"start":{"line":10,"column":0},"end":{"line":10,"column":63}},"10":{"start":{"line":11,"column":0},"end":{"line":11,"column":72}},"11":{"start":{"line":12,"column":0},"end":{"line":12,"column":60}},"12":{"start":{"line":13,"column":0},"end":{"line":13,"column":54}},"13":{"start":{"line":14,"column":0},"end":{"line":14,"column":48}},"14":{"start":{"line":15,"column":0},"end":{"line":15,"column":48}},"15":{"start":{"line":16,"column":0},"end":{"line":16,"column":53}},"16":{"start":{"line":17,"column":0},"end":{"line":17,"column":48}},"17":{"start":{"line":18,"column":0},"end":{"line":18,"column":28}},"18":{"start":{"line":19,"column":0},"end":{"line":19,"column":46}},"19":{"start":{"line":62,"column":7},"end":{"line":62,"column":null}},"20":{"start":{"line":62,"column":13},"end":{"line":62,"column":22}},"21":{"start":{"line":62,"column":13},"end":{"line":62,"column":null}},"22":{"start":{"line":36,"column":30},"end":{"line":43,"column":8}}},"fnMap":{"0":{"name":"(anonymous_1)","decl":{"start":{"line":36,"column":18},"end":{"line":36,"column":23}},"loc":{"start":{"line":36,"column":30},"end":{"line":43,"column":8}}}},"branchMap":{},"s":{"0":0,"1":0,"2":0,"3":0,"4":0,"5":0,"6":0,"7":0,"8":0,"9":0,"10":0,"11":0,"12":0,"13":0,"14":0,"15":0,"16":0,"17":0,"18":0,"19":0,"20":0,"21":0,"22":0},"f":{"0":0},"b":{}}
,"C:\\Users\\Usuario\\Documents\\MISOProyectos\\CuartoSemestre\\Métricas y calidad\\Entrega\\MISW4403_202414_E15\\src\\app.service.ts": {"path":"C:\\Users\\Usuario\\Documents\\MISOProyectos\\CuartoSemestre\\Métricas y calidad\\Entrega\\MISW4403_202414_E15\\src\\app.service.ts","statementMap":{"0":{"start":{"line":1,"column":0},"end":{"line":1,"column":44}},"1":{"start":{"line":4,"column":7},"end":{"line":8,"column":null}},"2":{"start":{"line":6,"column":4},"end":{"line":6,"column":26}},"3":{"start":{"line":4,"column":13},"end":{"line":4,"column":23}},"4":{"start":{"line":4,"column":13},"end":{"line":8,"column":null}}},"fnMap":{"0":{"name":"(anonymous_1)","decl":{"start":{"line":5,"column":2},"end":{"line":5,"column":10}},"loc":{"start":{"line":5,"column":10},"end":{"line":7,"column":3}}}},"branchMap":{},"s":{"0":0,"1":0,"2":0,"3":0,"4":0},"f":{"0":0},"b":{}}
,"C:\\Users\\Usuario\\Documents\\MISOProyectos\\CuartoSemestre\\Métricas y calidad\\Entrega\\MISW4403_202414_E15\\src\\main.ts": {"path":"C:\\Users\\Usuario\\Documents\\MISOProyectos\\CuartoSemestre\\Métricas y calidad\\Entrega\\MISW4403_202414_E15\\src\\main.ts","statementMap":{"0":{"start":{"line":1,"column":0},"end":{"line":1,"column":43}},"1":{"start":{"line":2,"column":0},"end":{"line":2,"column":41}},"2":{"start":{"line":3,"column":0},"end":{"line":3,"column":64}},"3":{"start":{"line":6,"column":14},"end":{"line":6,"column":49}},"4":{"start":{"line":7,"column":2},"end":{"line":11,"column":5}},"5":{"start":{"line":13,"column":2},"end":{"line":16,"column":6}},"6":{"start":{"line":17,"column":2},"end":{"line":17,"column":25}},"7":{"start":{"line":19,"column":0},"end":{"line":19,"column":12}}},"fnMap":{"0":{"name":"bootstrap","decl":{"start":{"line":5,"column":15},"end":{"line":5,"column":24}},"loc":{"start":{"line":5,"column":24},"end":{"line":18,"column":1}}}},"branchMap":{},"s":{"0":0,"1":0,"2":0,"3":0,"4":0,"5":0,"6":0,"7":0},"f":{"0":0},"b":{}}
,"C:\\Users\\Usuario\\Documents\\MISOProyectos\\CuartoSemestre\\Métricas y calidad\\Entrega\\MISW4403_202414_E15\\src\\auth\\auth.module.ts": {"path":"C:\\Users\\Usuario\\Documents\\MISOProyectos\\CuartoSemestre\\Métricas y calidad\\Entrega\\MISW4403_202414_E15\\src\\auth\\auth.module.ts","statementMap":{"0":{"start":{"line":1,"column":0},"end":{"line":1,"column":40}},"1":{"start":{"line":2,"column":0},"end":{"line":2,"column":52}},"2":{"start":{"line":3,"column":0},"end":{"line":3,"column":50}},"3":{"start":{"line":4,"column":0},"end":{"line":4,"column":51}},"4":{"start":{"line":5,"column":0},"end":{"line":5,"column":53}},"5":{"start":{"line":6,"column":0},"end":{"line":6,"column":49}},"6":{"start":{"line":7,"column":0},"end":{"line":7,"column":45}},"7":{"start":{"line":8,"column":0},"end":{"line":8,"column":60}},"8":{"start":{"line":9,"column":0},"end":{"line":9,"column":56}},"9":{"start":{"line":10,"column":0},"end":{"line":10,"column":50}},"10":{"start":{"line":25,"column":7},"end":{"line":25,"column":null}},"11":{"start":{"line":25,"column":13},"end":{"line":25,"column":23}},"12":{"start":{"line":25,"column":13},"end":{"line":25,"column":null}}},"fnMap":{},"branchMap":{},"s":{"0":0,"1":0,"2":0,"3":0,"4":0,"5":0,"6":0,"7":0,"8":0,"9":0,"10":0,"11":0,"12":0},"f":{},"b":{}}
,"C:\\Users\\Usuario\\Documents\\MISOProyectos\\CuartoSemestre\\Métricas y calidad\\Entrega\\MISW4403_202414_E15\\src\\auth\\auth.service.ts": {"path":"C:\\Users\\Usuario\\Documents\\MISOProyectos\\CuartoSemestre\\Métricas y calidad\\Entrega\\MISW4403_202414_E15\\src\\auth\\auth.service.ts","statementMap":{"0":{"start":{"line":1,"column":0},"end":{"line":1,"column":44}},"1":{"start":{"line":2,"column":0},"end":{"line":2,"column":41}},"2":{"start":{"line":3,"column":0},"end":{"line":3,"column":53}},"3":{"start":{"line":4,"column":0},"end":{"line":4,"column":51}},"4":{"start":{"line":8,"column":7},"end":{"line":30,"column":null}},"5":{"start":{"line":10,"column":16},"end":{"line":10,"column":30}},"6":{"start":{"line":11,"column":16},"end":{"line":11,"column":28}},"7":{"start":{"line":15,"column":27},"end":{"line":15,"column":68}},"8":{"start":{"line":16,"column":8},"end":{"line":19,"column":9}},"9":{"start":{"line":17,"column":44},"end":{"line":17,"column":48}},"10":{"start":{"line":18,"column":12},"end":{"line":18,"column":26}},"11":{"start":{"line":20,"column":8},"end":{"line":20,"column":20}},"12":{"start":{"line":24,"column":24},"end":{"line":24,"column":96}},"13":{"start":{"line":25,"column":8},"end":{"line":27,"column":10}},"14":{"start":{"line":8,"column":13},"end":{"line":8,"column":24}},"15":{"start":{"line":8,"column":13},"end":{"line":30,"column":null}}},"fnMap":{"0":{"name":"(anonymous_2)","decl":{"start":{"line":9,"column":4},"end":{"line":9,"column":null}},"loc":{"start":{"line":11,"column":38},"end":{"line":12,"column":8}}},"1":{"name":"(anonymous_3)","decl":{"start":{"line":14,"column":4},"end":{"line":14,"column":9}},"loc":{"start":{"line":14,"column":57},"end":{"line":21,"column":5}}},"2":{"name":"(anonymous_4)","decl":{"start":{"line":23,"column":4},"end":{"line":23,"column":9}},"loc":{"start":{"line":23,"column":24},"end":{"line":28,"column":5}}}},"branchMap":{"0":{"loc":{"start":{"line":16,"column":8},"end":{"line":19,"column":9}},"type":"if","locations":[{"start":{"line":16,"column":8},"end":{"line":19,"column":9}}]},"1":{"loc":{"start":{"line":16,"column":12},"end":{"line":16,"column":46}},"type":"binary-expr","locations":[{"start":{"line":16,"column":12},"end":{"line":16,"column":16}},{"start":{"line":16,"column":20},"end":{"line":16,"column":46}}]}},"s":{"0":3,"1":3,"2":3,"3":3,"4":3,"5":4,"6":4,"7":2,"8":2,"9":1,"10":1,"11":1,"12":1,"13":1,"14":3,"15":3},"f":{"0":4,"1":2,"2":1},"b":{"0":[1],"1":[2,1]}}
,"C:\\Users\\Usuario\\Documents\\MISOProyectos\\CuartoSemestre\\Métricas y calidad\\Entrega\\MISW4403_202414_E15\\src\\auth\\guards\\roles.guard.ts": {"path":"C:\\Users\\Usuario\\Documents\\MISOProyectos\\CuartoSemestre\\Métricas y calidad\\Entrega\\MISW4403_202414_E15\\src\\auth\\guards\\roles.guard.ts","statementMap":{"0":{"start":{"line":1,"column":0},"end":{"line":1,"column":98}},"1":{"start":{"line":2,"column":0},"end":{"line":2,"column":41}},"2":{"start":{"line":6,"column":7},"end":{"line":31,"column":null}},"3":{"start":{"line":7,"column":24},"end":{"line":7,"column":35}},"4":{"start":{"line":10,"column":30},"end":{"line":10,"column":87}},"5":{"start":{"line":11,"column":8},"end":{"line":13,"column":9}},"6":{"start":{"line":12,"column":12},"end":{"line":12,"column":24}},"7":{"start":{"line":15,"column":24},"end":{"line":15,"column":59}},"8":{"start":{"line":16,"column":21},"end":{"line":16,"column":33}},"9":{"start":{"line":18,"column":8},"end":{"line":18,"column":48}},"10":{"start":{"line":20,"column":8},"end":{"line":22,"column":9}},"11":{"start":{"line":21,"column":12},"end":{"line":21,"column":76}},"12":{"start":{"line":24,"column":24},"end":{"line":24,"column":85}},"13":{"start":{"line":24,"column":30},"end":{"line":24,"column":85}},"14":{"start":{"line":24,"column":56},"end":{"line":24,"column":84}},"15":{"start":{"line":25,"column":8},"end":{"line":27,"column":9}},"16":{"start":{"line":26,"column":12},"end":{"line":26,"column":107}},"17":{"start":{"line":29,"column":8},"end":{"line":29,"column":20}},"18":{"start":{"line":6,"column":13},"end":{"line":6,"column":23}},"19":{"start":{"line":6,"column":13},"end":{"line":31,"column":null}}},"fnMap":{"0":{"name":"(anonymous_2)","decl":{"start":{"line":7,"column":4},"end":{"line":7,"column":24}},"loc":{"start":{"line":7,"column":44},"end":{"line":7,"column":48}}},"1":{"name":"(anonymous_3)","decl":{"start":{"line":9,"column":4},"end":{"line":9,"column":15}},"loc":{"start":{"line":9,"column":41},"end":{"line":30,"column":5}}},"2":{"name":"(anonymous_4)","decl":{"start":{"line":24,"column":24},"end":{"line":24,"column":27}},"loc":{"start":{"line":24,"column":30},"end":{"line":24,"column":85}}},"3":{"name":"(anonymous_5)","decl":{"start":{"line":24,"column":46},"end":{"line":24,"column":47}},"loc":{"start":{"line":24,"column":56},"end":{"line":24,"column":84}}}},"branchMap":{"0":{"loc":{"start":{"line":11,"column":8},"end":{"line":13,"column":9}},"type":"if","locations":[{"start":{"line":11,"column":8},"end":{"line":13,"column":9}}]},"1":{"loc":{"start":{"line":20,"column":8},"end":{"line":22,"column":9}},"type":"if","locations":[{"start":{"line":20,"column":8},"end":{"line":22,"column":9}}]},"2":{"loc":{"start":{"line":25,"column":8},"end":{"line":27,"column":9}},"type":"if","locations":[{"start":{"line":25,"column":8},"end":{"line":27,"column":9}}]}},"s":{"0":5,"1":5,"2":5,"3":61,"4":0,"5":0,"6":0,"7":0,"8":0,"9":0,"10":0,"11":0,"12":0,"13":0,"14":0,"15":0,"16":0,"17":0,"18":5,"19":5},"f":{"0":61,"1":0,"2":0,"3":0},"b":{"0":[0],"1":[0],"2":[0]}}
,"C:\\Users\\Usuario\\Documents\\MISOProyectos\\CuartoSemestre\\Métricas y calidad\\Entrega\\MISW4403_202414_E15\\src\\auth\\guards\\jwt-auth\\jwt-auth.guard.ts": {"path":"C:\\Users\\Usuario\\Documents\\MISOProyectos\\CuartoSemestre\\Métricas y calidad\\Entrega\\MISW4403_202414_E15\\src\\auth\\guards\\jwt-auth\\jwt-auth.guard.ts","statementMap":{"0":{"start":{"line":1,"column":0},"end":{"line":1,"column":44}},"1":{"start":{"line":2,"column":0},"end":{"line":2,"column":45}},"2":{"start":{"line":5,"column":7},"end":{"line":5,"column":null}},"3":{"start":{"line":5,"column":13},"end":{"line":5,"column":25}},"4":{"start":{"line":5,"column":13},"end":{"line":5,"column":null}}},"fnMap":{},"branchMap":{},"s":{"0":5,"1":5,"2":5,"3":5,"4":5},"f":{},"b":{}}
,"C:\\Users\\Usuario\\Documents\\MISOProyectos\\CuartoSemestre\\Métricas y calidad\\Entrega\\MISW4403_202414_E15\\src\\auth\\guards\\local-auth\\local-auth.guard.ts": {"path":"C:\\Users\\Usuario\\Documents\\MISOProyectos\\CuartoSemestre\\Métricas y calidad\\Entrega\\MISW4403_202414_E15\\src\\auth\\guards\\local-auth\\local-auth.guard.ts","statementMap":{"0":{"start":{"line":1,"column":0},"end":{"line":1,"column":44}},"1":{"start":{"line":2,"column":0},"end":{"line":2,"column":45}},"2":{"start":{"line":5,"column":7},"end":{"line":5,"column":null}},"3":{"start":{"line":5,"column":13},"end":{"line":5,"column":27}},"4":{"start":{"line":5,"column":13},"end":{"line":5,"column":null}}},"fnMap":{},"branchMap":{},"s":{"0":1,"1":1,"2":1,"3":1,"4":1},"f":{},"b":{}}
,"C:\\Users\\Usuario\\Documents\\MISOProyectos\\CuartoSemestre\\Métricas y calidad\\Entrega\\MISW4403_202414_E15\\src\\auth\\strategies\\jwt-strategy.ts": {"path":"C:\\Users\\Usuario\\Documents\\MISOProyectos\\CuartoSemestre\\Métricas y calidad\\Entrega\\MISW4403_202414_E15\\src\\auth\\strategies\\jwt-strategy.ts","statementMap":{"0":{"start":{"line":1,"column":0},"end":{"line":1,"column":44}},"1":{"start":{"line":2,"column":0},"end":{"line":2,"column":52}},"2":{"start":{"line":3,"column":0},"end":{"line":3,"column":52}},"3":{"start":{"line":4,"column":0},"end":{"line":4,"column":56}},"4":{"start":{"line":7,"column":7},"end":{"line":19,"column":null}},"5":{"start":{"line":9,"column":8},"end":{"line":13,"column":11}},"6":{"start":{"line":17,"column":8},"end":{"line":17,"column":89}},"7":{"start":{"line":7,"column":13},"end":{"line":7,"column":24}},"8":{"start":{"line":7,"column":13},"end":{"line":19,"column":null}}},"fnMap":{"0":{"name":"(anonymous_2)","decl":{"start":{"line":8,"column":4},"end":{"line":8,"column":null}},"loc":{"start":{"line":8,"column":4},"end":{"line":14,"column":5}}},"1":{"name":"(anonymous_3)","decl":{"start":{"line":16,"column":4},"end":{"line":16,"column":9}},"loc":{"start":{"line":16,"column":31},"end":{"line":18,"column":5}}}},"branchMap":{},"s":{"0":1,"1":1,"2":1,"3":1,"4":1,"5":2,"6":1,"7":1,"8":1},"f":{"0":2,"1":1},"b":{}}
,"C:\\Users\\Usuario\\Documents\\MISOProyectos\\CuartoSemestre\\Métricas y calidad\\Entrega\\MISW4403_202414_E15\\src\\auth\\strategies\\local-strategy.ts": {"path":"C:\\Users\\Usuario\\Documents\\MISOProyectos\\CuartoSemestre\\Métricas y calidad\\Entrega\\MISW4403_202414_E15\\src\\auth\\strategies\\local-strategy.ts","statementMap":{"0":{"start":{"line":1,"column":0},"end":{"line":1,"column":42}},"1":{"start":{"line":2,"column":0},"end":{"line":2,"column":52}},"2":{"start":{"line":3,"column":0},"end":{"line":3,"column":67}},"3":{"start":{"line":4,"column":0},"end":{"line":4,"column":48}},"4":{"start":{"line":7,"column":7},"end":{"line":19,"column":null}},"5":{"start":{"line":9,"column":4},"end":{"line":9,"column":12}},"6":{"start":{"line":8,"column":22},"end":{"line":8,"column":35}},"7":{"start":{"line":13,"column":17},"end":{"line":13,"column":72}},"8":{"start":{"line":14,"column":4},"end":{"line":16,"column":5}},"9":{"start":{"line":15,"column":6},"end":{"line":15,"column":40}},"10":{"start":{"line":17,"column":4},"end":{"line":17,"column":16}},"11":{"start":{"line":7,"column":13},"end":{"line":7,"column":26}},"12":{"start":{"line":7,"column":13},"end":{"line":19,"column":null}}},"fnMap":{"0":{"name":"(anonymous_2)","decl":{"start":{"line":8,"column":2},"end":{"line":8,"column":22}},"loc":{"start":{"line":8,"column":46},"end":{"line":10,"column":3}}},"1":{"name":"(anonymous_3)","decl":{"start":{"line":12,"column":2},"end":{"line":12,"column":7}},"loc":{"start":{"line":12,"column":51},"end":{"line":18,"column":3}}}},"branchMap":{"0":{"loc":{"start":{"line":14,"column":4},"end":{"line":16,"column":5}},"type":"if","locations":[{"start":{"line":14,"column":4},"end":{"line":16,"column":5}}]}},"s":{"0":1,"1":1,"2":1,"3":1,"4":1,"5":3,"6":3,"7":2,"8":2,"9":1,"10":1,"11":1,"12":1},"f":{"0":3,"1":2},"b":{"0":[1]}}
,"C:\\Users\\Usuario\\Documents\\MISOProyectos\\CuartoSemestre\\Métricas y calidad\\Entrega\\MISW4403_202414_E15\\src\\categorias\\categorias.controller.ts": {"path":"C:\\Users\\Usuario\\Documents\\MISOProyectos\\CuartoSemestre\\Métricas y calidad\\Entrega\\MISW4403_202414_E15\\src\\categorias\\categorias.controller.ts","statementMap":{"0":{"start":{"line":1,"column":0},"end":{"line":1,"column":107}},"1":{"start":{"line":2,"column":0},"end":{"line":2,"column":57}},"2":{"start":{"line":3,"column":0},"end":{"line":3,"column":64}},"3":{"start":{"line":4,"column":0},"end":{"line":4,"column":64}},"4":{"start":{"line":5,"column":0},"end":{"line":5,"column":70}},"5":{"start":{"line":6,"column":0},"end":{"line":6,"column":56}},"6":{"start":{"line":7,"column":0},"end":{"line":7,"column":41}},"7":{"start":{"line":8,"column":0},"end":{"line":8,"column":48}},"8":{"start":{"line":11,"column":7},"end":{"line":48,"column":null}},"9":{"start":{"line":12,"column":31},"end":{"line":12,"column":50}},"10":{"start":{"line":18,"column":4},"end":{"line":18,"column":61}},"11":{"start":{"line":25,"column":4},"end":{"line":25,"column":44}},"12":{"start":{"line":32,"column":4},"end":{"line":32,"column":46}},"13":{"start":{"line":39,"column":4},"end":{"line":39,"column":65}},"14":{"start":{"line":46,"column":4},"end":{"line":46,"column":45}},"15":{"start":{"line":11,"column":13},"end":{"line":11,"column":33}},"16":{"start":{"line":17,"column":2},"end":{"line":19,"column":null}},"17":{"start":{"line":24,"column":2},"end":{"line":26,"column":null}},"18":{"start":{"line":31,"column":2},"end":{"line":33,"column":null}},"19":{"start":{"line":38,"column":2},"end":{"line":40,"column":null}},"20":{"start":{"line":45,"column":2},"end":{"line":47,"column":null}},"21":{"start":{"line":11,"column":13},"end":{"line":48,"column":null}}},"fnMap":{"0":{"name":"(anonymous_4)","decl":{"start":{"line":12,"column":2},"end":{"line":12,"column":31}},"loc":{"start":{"line":12,"column":67},"end":{"line":12,"column":71}}},"1":{"name":"(anonymous_5)","decl":{"start":{"line":17,"column":2},"end":{"line":17,"column":8}},"loc":{"start":{"line":17,"column":55},"end":{"line":19,"column":3}}},"2":{"name":"(anonymous_6)","decl":{"start":{"line":24,"column":2},"end":{"line":24,"column":9}},"loc":{"start":{"line":24,"column":9},"end":{"line":26,"column":3}}},"3":{"name":"(anonymous_7)","decl":{"start":{"line":31,"column":2},"end":{"line":31,"column":9}},"loc":{"start":{"line":31,"column":48},"end":{"line":33,"column":3}}},"4":{"name":"(anonymous_8)","decl":{"start":{"line":38,"column":2},"end":{"line":38,"column":8}},"loc":{"start":{"line":38,"column":95},"end":{"line":40,"column":3}}},"5":{"name":"(anonymous_9)","decl":{"start":{"line":45,"column":2},"end":{"line":45,"column":8}},"loc":{"start":{"line":45,"column":47},"end":{"line":47,"column":3}}}},"branchMap":{},"s":{"0":0,"1":0,"2":0,"3":0,"4":0,"5":0,"6":0,"7":0,"8":0,"9":0,"10":0,"11":0,"12":0,"13":0,"14":0,"15":0,"16":0,"17":0,"18":0,"19":0,"20":0,"21":0},"f":{"0":0,"1":0,"2":0,"3":0,"4":0,"5":0},"b":{}}
,"C:\\Users\\Usuario\\Documents\\MISOProyectos\\CuartoSemestre\\Métricas y calidad\\Entrega\\MISW4403_202414_E15\\src\\categorias\\categorias.module.ts": {"path":"C:\\Users\\Usuario\\Documents\\MISOProyectos\\CuartoSemestre\\Métricas y calidad\\Entrega\\MISW4403_202414_E15\\src\\categorias\\categorias.module.ts","statementMap":{"0":{"start":{"line":1,"column":0},"end":{"line":1,"column":40}},"1":{"start":{"line":2,"column":0},"end":{"line":2,"column":57}},"2":{"start":{"line":3,"column":0},"end":{"line":3,"column":63}},"3":{"start":{"line":4,"column":0},"end":{"line":4,"column":48}},"4":{"start":{"line":5,"column":0},"end":{"line":5,"column":56}},"5":{"start":{"line":6,"column":0},"end":{"line":6,"column":59}},"6":{"start":{"line":13,"column":7},"end":{"line":13,"column":null}},"7":{"start":{"line":13,"column":13},"end":{"line":13,"column":29}},"8":{"start":{"line":13,"column":13},"end":{"line":13,"column":null}}},"fnMap":{},"branchMap":{},"s":{"0":0,"1":0,"2":0,"3":0,"4":0,"5":0,"6":0,"7":0,"8":0},"f":{},"b":{}}
,"C:\\Users\\Usuario\\Documents\\MISOProyectos\\CuartoSemestre\\Métricas y calidad\\Entrega\\MISW4403_202414_E15\\src\\categorias\\categorias.resolver.ts": {"path":"C:\\Users\\Usuario\\Documents\\MISOProyectos\\CuartoSemestre\\Métricas y calidad\\Entrega\\MISW4403_202414_E15\\src\\categorias\\categorias.resolver.ts","statementMap":{"0":{"start":{"line":1,"column":0},"end":{"line":1,"column":66}},"1":{"start":{"line":2,"column":0},"end":{"line":2,"column":57}},"2":{"start":{"line":3,"column":0},"end":{"line":3,"column":56}},"3":{"start":{"line":4,"column":0},"end":{"line":4,"column":64}},"4":{"start":{"line":5,"column":0},"end":{"line":5,"column":52}},"5":{"start":{"line":6,"column":0},"end":{"line":6,"column":64}},"6":{"start":{"line":9,"column":7},"end":{"line":40,"column":null}},"7":{"start":{"line":10,"column":24},"end":{"line":10,"column":43}},"8":{"start":{"line":14,"column":8},"end":{"line":14,"column":48}},"9":{"start":{"line":19,"column":8},"end":{"line":19,"column":50}},"10":{"start":{"line":25,"column":26},"end":{"line":25,"column":72}},"11":{"start":{"line":26,"column":8},"end":{"line":26,"column":56}},"12":{"start":{"line":31,"column":26},"end":{"line":31,"column":72}},"13":{"start":{"line":32,"column":8},"end":{"line":32,"column":60}},"14":{"start":{"line":37,"column":8},"end":{"line":37,"column":42}},"15":{"start":{"line":38,"column":8},"end":{"line":38,"column":18}},"16":{"start":{"line":9,"column":13},"end":{"line":9,"column":31}},"17":{"start":{"line":13,"column":4},"end":{"line":15,"column":null}},"18":{"start":{"line":12,"column":17},"end":{"line":12,"column":28}},"19":{"start":{"line":18,"column":4},"end":{"line":20,"column":null}},"20":{"start":{"line":17,"column":17},"end":{"line":17,"column":26}},"21":{"start":{"line":24,"column":4},"end":{"line":27,"column":null}},"22":{"start":{"line":23,"column":20},"end":{"line":23,"column":29}},"23":{"start":{"line":30,"column":4},"end":{"line":33,"column":null}},"24":{"start":{"line":29,"column":20},"end":{"line":29,"column":29}},"25":{"start":{"line":36,"column":4},"end":{"line":39,"column":null}},"26":{"start":{"line":35,"column":20},"end":{"line":35,"column":26}},"27":{"start":{"line":9,"column":13},"end":{"line":40,"column":null}}},"fnMap":{"0":{"name":"(anonymous_4)","decl":{"start":{"line":10,"column":4},"end":{"line":10,"column":24}},"loc":{"start":{"line":10,"column":60},"end":{"line":10,"column":64}}},"1":{"name":"(anonymous_5)","decl":{"start":{"line":13,"column":4},"end":{"line":13,"column":14}},"loc":{"start":{"line":13,"column":14},"end":{"line":15,"column":5}}},"2":{"name":"(anonymous_6)","decl":{"start":{"line":18,"column":4},"end":{"line":18,"column":13}},"loc":{"start":{"line":18,"column":36},"end":{"line":20,"column":5}}},"3":{"name":"(anonymous_7)","decl":{"start":{"line":24,"column":4},"end":{"line":24,"column":19}},"loc":{"start":{"line":24,"column":77},"end":{"line":27,"column":5}}},"4":{"name":"(anonymous_8)","decl":{"start":{"line":30,"column":4},"end":{"line":30,"column":19}},"loc":{"start":{"line":30,"column":101},"end":{"line":33,"column":5}}},"5":{"name":"(anonymous_9)","decl":{"start":{"line":36,"column":4},"end":{"line":36,"column":19}},"loc":{"start":{"line":36,"column":42},"end":{"line":39,"column":5}}},"6":{"name":"(anonymous_10)","decl":{"start":{"line":12,"column":11},"end":{"line":12,"column":14}},"loc":{"start":{"line":12,"column":17},"end":{"line":12,"column":28}}},"7":{"name":"(anonymous_11)","decl":{"start":{"line":17,"column":11},"end":{"line":17,"column":14}},"loc":{"start":{"line":17,"column":17},"end":{"line":17,"column":26}}},"8":{"name":"(anonymous_12)","decl":{"start":{"line":23,"column":14},"end":{"line":23,"column":17}},"loc":{"start":{"line":23,"column":20},"end":{"line":23,"column":29}}},"9":{"name":"(anonymous_13)","decl":{"start":{"line":29,"column":14},"end":{"line":29,"column":17}},"loc":{"start":{"line":29,"column":20},"end":{"line":29,"column":29}}},"10":{"name":"(anonymous_14)","decl":{"start":{"line":35,"column":14},"end":{"line":35,"column":17}},"loc":{"start":{"line":35,"column":20},"end":{"line":35,"column":26}}}},"branchMap":{},"s":{"0":1,"1":1,"2":1,"3":1,"4":1,"5":1,"6":1,"7":6,"8":1,"9":1,"10":1,"11":1,"12":1,"13":1,"14":1,"15":1,"16":1,"17":1,"18":0,"19":1,"20":0,"21":1,"22":0,"23":1,"24":0,"25":1,"26":0,"27":1},"f":{"0":6,"1":1,"2":1,"3":1,"4":1,"5":1,"6":0,"7":0,"8":0,"9":0,"10":0},"b":{}}
,"C:\\Users\\Usuario\\Documents\\MISOProyectos\\CuartoSemestre\\Métricas y calidad\\Entrega\\MISW4403_202414_E15\\src\\categorias\\categorias.service.ts": {"path":"C:\\Users\\Usuario\\Documents\\MISOProyectos\\CuartoSemestre\\Métricas y calidad\\Entrega\\MISW4403_202414_E15\\src\\categorias\\categorias.service.ts","statementMap":{"0":{"start":{"line":1,"column":0},"end":{"line":1,"column":64}},"1":{"start":{"line":4,"column":0},"end":{"line":4,"column":56}},"2":{"start":{"line":5,"column":0},"end":{"line":5,"column":51}},"3":{"start":{"line":6,"column":0},"end":{"line":6,"column":37}},"4":{"start":{"line":7,"column":0},"end":{"line":7,"column":74}},"5":{"start":{"line":8,"column":0},"end":{"line":8,"column":54}},"6":{"start":{"line":12,"column":7},"end":{"line":73,"column":null}},"7":{"start":{"line":17,"column":12},"end":{"line":17,"column":33}},"8":{"start":{"line":20,"column":16},"end":{"line":20,"column":35}},"9":{"start":{"line":13,"column":2},"end":{"line":13,"column":34}},"10":{"start":{"line":23,"column":4},"end":{"line":23,"column":61}},"11":{"start":{"line":28,"column":4},"end":{"line":39,"column":5}},"12":{"start":{"line":29,"column":35},"end":{"line":29,"column":77}},"13":{"start":{"line":31,"column":6},"end":{"line":35,"column":7}},"14":{"start":{"line":32,"column":38},"end":{"line":32,"column":101}},"15":{"start":{"line":33,"column":8},"end":{"line":33,"column":null}},"16":{"start":{"line":34,"column":8},"end":{"line":34,"column":23}},"17":{"start":{"line":36,"column":6},"end":{"line":36,"column":20}},"18":{"start":{"line":38,"column":6},"end":{"line":38,"column":120}},"19":{"start":{"line":43,"column":33},"end":{"line":43,"column":114}},"20":{"start":{"line":44,"column":4},"end":{"line":45,"column":99}},"21":{"start":{"line":45,"column":6},"end":{"line":45,"column":99}},"22":{"start":{"line":47,"column":4},"end":{"line":47,"column":21}},"23":{"start":{"line":51,"column":39},"end":{"line":51,"column":91}},"24":{"start":{"line":52,"column":4},"end":{"line":53,"column":99}},"25":{"start":{"line":53,"column":6},"end":{"line":53,"column":99}},"26":{"start":{"line":54,"column":4},"end":{"line":54,"column":81}},"27":{"start":{"line":55,"column":4},"end":{"line":55,"column":96}},"28":{"start":{"line":57,"column":4},"end":{"line":57,"column":64}},"29":{"start":{"line":61,"column":33},"end":{"line":63,"column":6}},"30":{"start":{"line":65,"column":4},"end":{"line":66,"column":99}},"31":{"start":{"line":66,"column":6},"end":{"line":66,"column":99}},"32":{"start":{"line":68,"column":4},"end":{"line":69,"column":117}},"33":{"start":{"line":69,"column":6},"end":{"line":69,"column":117}},"34":{"start":{"line":71,"column":4},"end":{"line":71,"column":53}},"35":{"start":{"line":12,"column":13},"end":{"line":12,"column":30}},"36":{"start":{"line":12,"column":13},"end":{"line":73,"column":null}}},"fnMap":{"0":{"name":"(anonymous_4)","decl":{"start":{"line":15,"column":2},"end":{"line":15,"column":null}},"loc":{"start":{"line":20,"column":35},"end":{"line":21,"column":5}}},"1":{"name":"(anonymous_5)","decl":{"start":{"line":22,"column":2},"end":{"line":22,"column":8}},"loc":{"start":{"line":22,"column":47},"end":{"line":24,"column":3}}},"2":{"name":"(anonymous_6)","decl":{"start":{"line":26,"column":2},"end":{"line":26,"column":7}},"loc":{"start":{"line":26,"column":15},"end":{"line":40,"column":3}}},"3":{"name":"(anonymous_7)","decl":{"start":{"line":42,"column":2},"end":{"line":42,"column":7}},"loc":{"start":{"line":42,"column":26},"end":{"line":48,"column":3}}},"4":{"name":"(anonymous_8)","decl":{"start":{"line":50,"column":2},"end":{"line":50,"column":7}},"loc":{"start":{"line":50,"column":65},"end":{"line":58,"column":3}}},"5":{"name":"(anonymous_9)","decl":{"start":{"line":60,"column":2},"end":{"line":60,"column":7}},"loc":{"start":{"line":60,"column":25},"end":{"line":72,"column":3}}}},"branchMap":{"0":{"loc":{"start":{"line":31,"column":6},"end":{"line":35,"column":7}},"type":"if","locations":[{"start":{"line":31,"column":6},"end":{"line":35,"column":7}}]},"1":{"loc":{"start":{"line":44,"column":4},"end":{"line":45,"column":99}},"type":"if","locations":[{"start":{"line":44,"column":4},"end":{"line":45,"column":99}}]},"2":{"loc":{"start":{"line":52,"column":4},"end":{"line":53,"column":99}},"type":"if","locations":[{"start":{"line":52,"column":4},"end":{"line":53,"column":99}}]},"3":{"loc":{"start":{"line":54,"column":29},"end":{"line":54,"column":80}},"type":"binary-expr","locations":[{"start":{"line":54,"column":29},"end":{"line":54,"column":54}},{"start":{"line":54,"column":58},"end":{"line":54,"column":80}}]},"4":{"loc":{"start":{"line":55,"column":34},"end":{"line":55,"column":95}},"type":"binary-expr","locations":[{"start":{"line":55,"column":34},"end":{"line":55,"column":64}},{"start":{"line":55,"column":68},"end":{"line":55,"column":95}}]},"5":{"loc":{"start":{"line":65,"column":4},"end":{"line":66,"column":99}},"type":"if","locations":[{"start":{"line":65,"column":4},"end":{"line":66,"column":99}}]},"6":{"loc":{"start":{"line":68,"column":4},"end":{"line":69,"column":117}},"type":"if","locations":[{"start":{"line":68,"column":4},"end":{"line":69,"column":117}}]}},"s":{"0":2,"1":2,"2":2,"3":2,"4":2,"5":2,"6":2,"7":10,"8":10,"9":10,"10":2,"11":1,"12":1,"13":1,"14":1,"15":1,"16":1,"17":0,"18":0,"19":2,"20":2,"21":1,"22":1,"23":2,"24":2,"25":1,"26":1,"27":1,"28":1,"29":3,"30":3,"31":1,"32":2,"33":1,"34":1,"35":2,"36":2},"f":{"0":10,"1":2,"2":1,"3":2,"4":2,"5":3},"b":{"0":[1],"1":[1],"2":[1],"3":[1,0],"4":[1,0],"5":[1],"6":[1]}}
,"C:\\Users\\Usuario\\Documents\\MISOProyectos\\CuartoSemestre\\Métricas y calidad\\Entrega\\MISW4403_202414_E15\\src\\categorias\\dto\\create-categoria.dto.ts": {"path":"C:\\Users\\Usuario\\Documents\\MISOProyectos\\CuartoSemestre\\Métricas y calidad\\Entrega\\MISW4403_202414_E15\\src\\categorias\\dto\\create-categoria.dto.ts","statementMap":{"0":{"start":{"line":1,"column":0},"end":{"line":1,"column":51}},"1":{"start":{"line":2,"column":0},"end":{"line":2,"column":52}},"2":{"start":{"line":5,"column":7},"end":{"line":14,"column":null}},"3":{"start":{"line":5,"column":13},"end":{"line":5,"column":31}},"4":{"start":{"line":9,"column":11},"end":{"line":9,"column":null}},"5":{"start":{"line":13,"column":11},"end":{"line":13,"column":null}},"6":{"start":{"line":5,"column":13},"end":{"line":14,"column":null}}},"fnMap":{},"branchMap":{},"s":{"0":1,"1":1,"2":1,"3":1,"4":1,"5":1,"6":1},"f":{},"b":{}}
,"C:\\Users\\Usuario\\Documents\\MISOProyectos\\CuartoSemestre\\Métricas y calidad\\Entrega\\MISW4403_202414_E15\\src\\categorias\\dto\\update-categoria.dto.ts": {"path":"C:\\Users\\Usuario\\Documents\\MISOProyectos\\CuartoSemestre\\Métricas y calidad\\Entrega\\MISW4403_202414_E15\\src\\categorias\\dto\\update-categoria.dto.ts","statementMap":{"0":{"start":{"line":1,"column":0},"end":{"line":1,"column":66}},"1":{"start":{"line":2,"column":0},"end":{"line":2,"column":51}},"2":{"start":{"line":5,"column":7},"end":{"line":15,"column":null}},"3":{"start":{"line":5,"column":13},"end":{"line":5,"column":31}},"4":{"start":{"line":9,"column":4},"end":{"line":9,"column":null}},"5":{"start":{"line":14,"column":4},"end":{"line":14,"column":null}},"6":{"start":{"line":5,"column":13},"end":{"line":15,"column":null}}},"fnMap":{},"branchMap":{},"s":{"0":1,"1":1,"2":1,"3":1,"4":1,"5":1,"6":1},"f":{},"b":{}}
,"C:\\Users\\Usuario\\Documents\\MISOProyectos\\CuartoSemestre\\Métricas y calidad\\Entrega\\MISW4403_202414_E15\\src\\categorias\\entities\\categoria.entity.ts": {"path":"C:\\Users\\Usuario\\Documents\\MISOProyectos\\CuartoSemestre\\Métricas y calidad\\Entrega\\MISW4403_202414_E15\\src\\categorias\\entities\\categoria.entity.ts","statementMap":{"0":{"start":{"line":1,"column":0},"end":{"line":1,"column":68}},"1":{"start":{"line":2,"column":0},"end":{"line":2,"column":76}},"2":{"start":{"line":3,"column":0},"end":{"line":3,"column":52}},"3":{"start":{"line":7,"column":7},"end":{"line":24,"column":null}},"4":{"start":{"line":7,"column":13},"end":{"line":7,"column":22}},"5":{"start":{"line":10,"column":4},"end":{"line":10,"column":null}},"6":{"start":{"line":14,"column":4},"end":{"line":14,"column":null}},"7":{"start":{"line":18,"column":4},"end":{"line":18,"column":null}},"8":{"start":{"line":22,"column":4},"end":{"line":22,"column":null}},"9":{"start":{"line":20,"column":19},"end":{"line":20,"column":29}},"10":{"start":{"line":21,"column":21},"end":{"line":21,"column":29}},"11":{"start":{"line":21,"column":43},"end":{"line":21,"column":61}},"12":{"start":{"line":7,"column":13},"end":{"line":24,"column":null}}},"fnMap":{"0":{"name":"(anonymous_2)","decl":{"start":{"line":20,"column":11},"end":{"line":20,"column":15}},"loc":{"start":{"line":20,"column":19},"end":{"line":20,"column":29}}},"1":{"name":"(anonymous_3)","decl":{"start":{"line":21,"column":15},"end":{"line":21,"column":18}},"loc":{"start":{"line":21,"column":21},"end":{"line":21,"column":29}}},"2":{"name":"(anonymous_4)","decl":{"start":{"line":21,"column":31},"end":{"line":21,"column":39}},"loc":{"start":{"line":21,"column":43},"end":{"line":21,"column":61}}}},"branchMap":{},"s":{"0":17,"1":17,"2":17,"3":17,"4":17,"5":17,"6":17,"7":17,"8":17,"9":0,"10":0,"11":0,"12":17},"f":{"0":0,"1":0,"2":0},"b":{}}
,"C:\\Users\\Usuario\\Documents\\MISOProyectos\\CuartoSemestre\\Métricas y calidad\\Entrega\\MISW4403_202414_E15\\src\\ciudades\\ciudades.controller.ts": {"path":"C:\\Users\\Usuario\\Documents\\MISOProyectos\\CuartoSemestre\\Métricas y calidad\\Entrega\\MISW4403_202414_E15\\src\\ciudades\\ciudades.controller.ts","statementMap":{"0":{"start":{"line":1,"column":0},"end":{"line":1,"column":126}},"1":{"start":{"line":2,"column":0},"end":{"line":2,"column":53}},"2":{"start":{"line":3,"column":0},"end":{"line":3,"column":58}},"3":{"start":{"line":4,"column":0},"end":{"line":4,"column":58}},"4":{"start":{"line":5,"column":0},"end":{"line":5,"column":41}},"5":{"start":{"line":6,"column":0},"end":{"line":6,"column":70}},"6":{"start":{"line":7,"column":0},"end":{"line":7,"column":56}},"7":{"start":{"line":8,"column":0},"end":{"line":8,"column":48}},"8":{"start":{"line":11,"column":7},"end":{"line":94,"column":null}},"9":{"start":{"line":12,"column":31},"end":{"line":12,"column":48}},"10":{"start":{"line":18,"column":4},"end":{"line":18,"column":56}},"11":{"start":{"line":25,"column":4},"end":{"line":25,"column":42}},"12":{"start":{"line":32,"column":4},"end":{"line":32,"column":44}},"13":{"start":{"line":41,"column":4},"end":{"line":41,"column":60}},"14":{"start":{"line":48,"column":4},"end":{"line":48,"column":43}},"15":{"start":{"line":58,"column":4},"end":{"line":65,"column":5}},"16":{"start":{"line":59,"column":6},"end":{"line":59,"column":91}},"17":{"start":{"line":61,"column":6},"end":{"line":63,"column":7}},"18":{"start":{"line":62,"column":8},"end":{"line":62,"column":51}},"19":{"start":{"line":64,"column":6},"end":{"line":64,"column":18}},"20":{"start":{"line":75,"column":4},"end":{"line":83,"column":5}},"21":{"start":{"line":76,"column":6},"end":{"line":76,"column":86}},"22":{"start":{"line":77,"column":6},"end":{"line":77,"column":106}},"23":{"start":{"line":79,"column":6},"end":{"line":81,"column":7}},"24":{"start":{"line":80,"column":8},"end":{"line":80,"column":51}},"25":{"start":{"line":82,"column":6},"end":{"line":82,"column":18}},"26":{"start":{"line":92,"column":4},"end":{"line":92,"column":76}},"27":{"start":{"line":11,"column":13},"end":{"line":11,"column":31}},"28":{"start":{"line":17,"column":2},"end":{"line":19,"column":null}},"29":{"start":{"line":24,"column":2},"end":{"line":26,"column":null}},"30":{"start":{"line":31,"column":2},"end":{"line":33,"column":null}},"31":{"start":{"line":38,"column":2},"end":{"line":42,"column":null}},"32":{"start":{"line":47,"column":2},"end":{"line":49,"column":null}},"33":{"start":{"line":54,"column":8},"end":{"line":66,"column":null}},"34":{"start":{"line":71,"column":8},"end":{"line":84,"column":null}},"35":{"start":{"line":89,"column":8},"end":{"line":93,"column":null}},"36":{"start":{"line":11,"column":13},"end":{"line":94,"column":null}}},"fnMap":{"0":{"name":"(anonymous_4)","decl":{"start":{"line":12,"column":2},"end":{"line":12,"column":31}},"loc":{"start":{"line":12,"column":63},"end":{"line":12,"column":67}}},"1":{"name":"(anonymous_5)","decl":{"start":{"line":17,"column":2},"end":{"line":17,"column":8}},"loc":{"start":{"line":17,"column":49},"end":{"line":19,"column":3}}},"2":{"name":"(anonymous_6)","decl":{"start":{"line":24,"column":2},"end":{"line":24,"column":9}},"loc":{"start":{"line":24,"column":9},"end":{"line":26,"column":3}}},"3":{"name":"(anonymous_7)","decl":{"start":{"line":31,"column":2},"end":{"line":31,"column":9}},"loc":{"start":{"line":31,"column":33},"end":{"line":33,"column":3}}},"4":{"name":"(anonymous_8)","decl":{"start":{"line":38,"column":2},"end":{"line":38,"column":8}},"loc":{"start":{"line":40,"column":44},"end":{"line":42,"column":3}}},"5":{"name":"(anonymous_9)","decl":{"start":{"line":47,"column":2},"end":{"line":47,"column":8}},"loc":{"start":{"line":47,"column":32},"end":{"line":49,"column":3}}},"6":{"name":"(anonymous_10)","decl":{"start":{"line":54,"column":2},"end":{"line":54,"column":7}},"loc":{"start":{"line":56,"column":64},"end":{"line":66,"column":3}}},"7":{"name":"(anonymous_11)","decl":{"start":{"line":71,"column":2},"end":{"line":71,"column":7}},"loc":{"start":{"line":73,"column":64},"end":{"line":84,"column":3}}},"8":{"name":"(anonymous_12)","decl":{"start":{"line":89,"column":2},"end":{"line":89,"column":7}},"loc":{"start":{"line":90,"column":54},"end":{"line":93,"column":3}}}},"branchMap":{"0":{"loc":{"start":{"line":61,"column":6},"end":{"line":63,"column":7}},"type":"if","locations":[{"start":{"line":61,"column":6},"end":{"line":63,"column":7}}]},"1":{"loc":{"start":{"line":79,"column":6},"end":{"line":81,"column":7}},"type":"if","locations":[{"start":{"line":79,"column":6},"end":{"line":81,"column":7}}]}},"s":{"0":1,"1":1,"2":1,"3":1,"4":1,"5":1,"6":1,"7":1,"8":1,"9":14,"10":1,"11":1,"12":2,"13":2,"14":2,"15":3,"16":3,"17":2,"18":2,"19":0,"20":3,"21":3,"22":1,"23":2,"24":2,"25":0,"26":2,"27":1,"28":1,"29":1,"30":1,"31":1,"32":1,"33":1,"34":1,"35":1,"36":1},"f":{"0":14,"1":1,"2":1,"3":2,"4":2,"5":2,"6":3,"7":3,"8":2},"b":{"0":[2],"1":[2]}}
,"C:\\Users\\Usuario\\Documents\\MISOProyectos\\CuartoSemestre\\Métricas y calidad\\Entrega\\MISW4403_202414_E15\\src\\ciudades\\ciudades.module.ts": {"path":"C:\\Users\\Usuario\\Documents\\MISOProyectos\\CuartoSemestre\\Métricas y calidad\\Entrega\\MISW4403_202414_E15\\src\\ciudades\\ciudades.module.ts","statementMap":{"0":{"start":{"line":1,"column":0},"end":{"line":1,"column":40}},"1":{"start":{"line":2,"column":0},"end":{"line":2,"column":53}},"2":{"start":{"line":3,"column":0},"end":{"line":3,"column":59}},"3":{"start":{"line":4,"column":0},"end":{"line":4,"column":48}},"4":{"start":{"line":5,"column":0},"end":{"line":5,"column":50}},"5":{"start":{"line":6,"column":0},"end":{"line":6,"column":74}},"6":{"start":{"line":7,"column":0},"end":{"line":7,"column":54}},"7":{"start":{"line":8,"column":0},"end":{"line":8,"column":55}},"8":{"start":{"line":15,"column":7},"end":{"line":15,"column":null}},"9":{"start":{"line":15,"column":13},"end":{"line":15,"column":27}},"10":{"start":{"line":15,"column":13},"end":{"line":15,"column":null}}},"fnMap":{},"branchMap":{},"s":{"0":0,"1":0,"2":0,"3":0,"4":0,"5":0,"6":0,"7":0,"8":0,"9":0,"10":0},"f":{},"b":{}}
,"C:\\Users\\Usuario\\Documents\\MISOProyectos\\CuartoSemestre\\Métricas y calidad\\Entrega\\MISW4403_202414_E15\\src\\ciudades\\ciudades.resolver.ts": {"path":"C:\\Users\\Usuario\\Documents\\MISOProyectos\\CuartoSemestre\\Métricas y calidad\\Entrega\\MISW4403_202414_E15\\src\\ciudades\\ciudades.resolver.ts","statementMap":{"0":{"start":{"line":1,"column":0},"end":{"line":1,"column":66}},"1":{"start":{"line":2,"column":0},"end":{"line":2,"column":53}},"2":{"start":{"line":3,"column":0},"end":{"line":3,"column":50}},"3":{"start":{"line":4,"column":0},"end":{"line":4,"column":58}},"4":{"start":{"line":8,"column":7},"end":{"line":61,"column":null}},"5":{"start":{"line":10,"column":25},"end":{"line":10,"column":42}},"6":{"start":{"line":14,"column":8},"end":{"line":14,"column":46}},"7":{"start":{"line":19,"column":8},"end":{"line":19,"column":48}},"8":{"start":{"line":24,"column":7},"end":{"line":24,"column":53}},"9":{"start":{"line":29,"column":7},"end":{"line":29,"column":57}},"10":{"start":{"line":34,"column":7},"end":{"line":34,"column":39}},"11":{"start":{"line":35,"column":7},"end":{"line":35,"column":17}},"12":{"start":{"line":42,"column":7},"end":{"line":42,"column":80}},"13":{"start":{"line":50,"column":8},"end":{"line":50,"column":83}},"14":{"start":{"line":57,"column":23},"end":{"line":57,"column":61}},"15":{"start":{"line":58,"column":8},"end":{"line":58,"column":35}},"16":{"start":{"line":8,"column":13},"end":{"line":8,"column":29}},"17":{"start":{"line":13,"column":4},"end":{"line":15,"column":null}},"18":{"start":{"line":12,"column":17},"end":{"line":12,"column":25}},"19":{"start":{"line":18,"column":4},"end":{"line":20,"column":null}},"20":{"start":{"line":17,"column":17},"end":{"line":17,"column":23}},"21":{"start":{"line":23,"column":4},"end":{"line":25,"column":null}},"22":{"start":{"line":22,"column":20},"end":{"line":22,"column":26}},"23":{"start":{"line":28,"column":4},"end":{"line":30,"column":null}},"24":{"start":{"line":27,"column":20},"end":{"line":27,"column":26}},"25":{"start":{"line":33,"column":4},"end":{"line":36,"column":null}},"26":{"start":{"line":32,"column":20},"end":{"line":32,"column":26}},"27":{"start":{"line":41,"column":4},"end":{"line":43,"column":null}},"28":{"start":{"line":40,"column":20},"end":{"line":40,"column":26}},"29":{"start":{"line":46,"column":10},"end":{"line":51,"column":null}},"30":{"start":{"line":45,"column":20},"end":{"line":45,"column":26}},"31":{"start":{"line":54,"column":10},"end":{"line":59,"column":null}},"32":{"start":{"line":53,"column":17},"end":{"line":53,"column":25}},"33":{"start":{"line":8,"column":13},"end":{"line":61,"column":null}}},"fnMap":{"0":{"name":"(anonymous_4)","decl":{"start":{"line":10,"column":4},"end":{"line":10,"column":25}},"loc":{"start":{"line":10,"column":57},"end":{"line":10,"column":60}}},"1":{"name":"(anonymous_5)","decl":{"start":{"line":13,"column":4},"end":{"line":13,"column":12}},"loc":{"start":{"line":13,"column":12},"end":{"line":15,"column":5}}},"2":{"name":"(anonymous_6)","decl":{"start":{"line":18,"column":4},"end":{"line":18,"column":10}},"loc":{"start":{"line":18,"column":33},"end":{"line":20,"column":5}}},"3":{"name":"(anonymous_7)","decl":{"start":{"line":23,"column":4},"end":{"line":23,"column":16}},"loc":{"start":{"line":23,"column":59},"end":{"line":25,"column":5}}},"4":{"name":"(anonymous_8)","decl":{"start":{"line":28,"column":4},"end":{"line":28,"column":16}},"loc":{"start":{"line":28,"column":83},"end":{"line":30,"column":5}}},"5":{"name":"(anonymous_9)","decl":{"start":{"line":33,"column":4},"end":{"line":33,"column":16}},"loc":{"start":{"line":33,"column":39},"end":{"line":36,"column":5}}},"6":{"name":"(anonymous_10)","decl":{"start":{"line":41,"column":4},"end":{"line":41,"column":29}},"loc":{"start":{"line":41,"column":99},"end":{"line":43,"column":5}}},"7":{"name":"(anonymous_11)","decl":{"start":{"line":46,"column":4},"end":{"line":46,"column":9}},"loc":{"start":{"line":48,"column":52},"end":{"line":51,"column":5}}},"8":{"name":"(anonymous_12)","decl":{"start":{"line":54,"column":4},"end":{"line":54,"column":9}},"loc":{"start":{"line":55,"column":30},"end":{"line":59,"column":5}}},"9":{"name":"(anonymous_13)","decl":{"start":{"line":12,"column":11},"end":{"line":12,"column":14}},"loc":{"start":{"line":12,"column":17},"end":{"line":12,"column":25}}},"10":{"name":"(anonymous_14)","decl":{"start":{"line":17,"column":11},"end":{"line":17,"column":14}},"loc":{"start":{"line":17,"column":17},"end":{"line":17,"column":23}}},"11":{"name":"(anonymous_15)","decl":{"start":{"line":22,"column":14},"end":{"line":22,"column":17}},"loc":{"start":{"line":22,"column":20},"end":{"line":22,"column":26}}},"12":{"name":"(anonymous_16)","decl":{"start":{"line":27,"column":14},"end":{"line":27,"column":17}},"loc":{"start":{"line":27,"column":20},"end":{"line":27,"column":26}}},"13":{"name":"(anonymous_17)","decl":{"start":{"line":32,"column":14},"end":{"line":32,"column":17}},"loc":{"start":{"line":32,"column":20},"end":{"line":32,"column":26}}},"14":{"name":"(anonymous_18)","decl":{"start":{"line":40,"column":14},"end":{"line":40,"column":17}},"loc":{"start":{"line":40,"column":20},"end":{"line":40,"column":26}}},"15":{"name":"(anonymous_19)","decl":{"start":{"line":45,"column":14},"end":{"line":45,"column":17}},"loc":{"start":{"line":45,"column":20},"end":{"line":45,"column":26}}},"16":{"name":"(anonymous_20)","decl":{"start":{"line":53,"column":11},"end":{"line":53,"column":14}},"loc":{"start":{"line":53,"column":17},"end":{"line":53,"column":25}}}},"branchMap":{},"s":{"0":0,"1":0,"2":0,"3":0,"4":0,"5":0,"6":0,"7":0,"8":0,"9":0,"10":0,"11":0,"12":0,"13":0,"14":0,"15":0,"16":0,"17":0,"18":0,"19":0,"20":0,"21":0,"22":0,"23":0,"24":0,"25":0,"26":0,"27":0,"28":0,"29":0,"30":0,"31":0,"32":0,"33":0},"f":{"0":0,"1":0,"2":0,"3":0,"4":0,"5":0,"6":0,"7":0,"8":0,"9":0,"10":0,"11":0,"12":0,"13":0,"14":0,"15":0,"16":0},"b":{}}
,"C:\\Users\\Usuario\\Documents\\MISOProyectos\\CuartoSemestre\\Métricas y calidad\\Entrega\\MISW4403_202414_E15\\src\\ciudades\\ciudades.service.ts": {"path":"C:\\Users\\Usuario\\Documents\\MISOProyectos\\CuartoSemestre\\Métricas y calidad\\Entrega\\MISW4403_202414_E15\\src\\ciudades\\ciudades.service.ts","statementMap":{"0":{"start":{"line":1,"column":0},"end":{"line":1,"column":91}},"1":{"start":{"line":4,"column":0},"end":{"line":4,"column":74}},"2":{"start":{"line":5,"column":0},"end":{"line":5,"column":51}},"3":{"start":{"line":6,"column":0},"end":{"line":6,"column":50}},"4":{"start":{"line":7,"column":0},"end":{"line":7,"column":37}},"5":{"start":{"line":8,"column":0},"end":{"line":8,"column":74}},"6":{"start":{"line":9,"column":0},"end":{"line":9,"column":54}},"7":{"start":{"line":13,"column":7},"end":{"line":148,"column":null}},"8":{"start":{"line":20,"column":21},"end":{"line":20,"column":39}},"9":{"start":{"line":23,"column":21},"end":{"line":23,"column":44}},"10":{"start":{"line":26,"column":12},"end":{"line":26,"column":31}},"11":{"start":{"line":15,"column":2},"end":{"line":15,"column":32}},"12":{"start":{"line":16,"column":19},"end":{"line":16,"column":null}},"13":{"start":{"line":30,"column":4},"end":{"line":36,"column":5}},"14":{"start":{"line":31,"column":21},"end":{"line":31,"column":66}},"15":{"start":{"line":32,"column":6},"end":{"line":32,"column":47}},"16":{"start":{"line":33,"column":6},"end":{"line":33,"column":null}},"17":{"start":{"line":35,"column":6},"end":{"line":35,"column":null}},"18":{"start":{"line":40,"column":4},"end":{"line":51,"column":5}},"19":{"start":{"line":41,"column":21},"end":{"line":41,"column":63}},"20":{"start":{"line":43,"column":6},"end":{"line":47,"column":7}},"21":{"start":{"line":44,"column":25},"end":{"line":44,"column":90}},"22":{"start":{"line":45,"column":8},"end":{"line":45,"column":null}},"23":{"start":{"line":46,"column":8},"end":{"line":46,"column":24}},"24":{"start":{"line":48,"column":6},"end":{"line":48,"column":20}},"25":{"start":{"line":50,"column":6},"end":{"line":50,"column":133}},"26":{"start":{"line":55,"column":17},"end":{"line":58,"column":null}},"27":{"start":{"line":60,"column":4},"end":{"line":62,"column":5}},"28":{"start":{"line":61,"column":6},"end":{"line":61,"column":116}},"29":{"start":{"line":63,"column":4},"end":{"line":63,"column":18}},"30":{"start":{"line":67,"column":19},"end":{"line":70,"column":6}},"31":{"start":{"line":71,"column":4},"end":{"line":73,"column":5}},"32":{"start":{"line":72,"column":6},"end":{"line":72,"column":116}},"33":{"start":{"line":74,"column":4},"end":{"line":80,"column":5}},"34":{"start":{"line":76,"column":6},"end":{"line":76,"column":47}},"35":{"start":{"line":77,"column":6},"end":{"line":77,"column":20}},"36":{"start":{"line":79,"column":6},"end":{"line":79,"column":null}},"37":{"start":{"line":83,"column":4},"end":{"line":89,"column":5}},"38":{"start":{"line":84,"column":21},"end":{"line":84,"column":43}},"39":{"start":{"line":85,"column":6},"end":{"line":85,"column":49}},"40":{"start":{"line":86,"column":6},"end":{"line":86,"column":20}},"41":{"start":{"line":88,"column":6},"end":{"line":88,"column":116}},"42":{"start":{"line":93,"column":19},"end":{"line":96,"column":6}},"43":{"start":{"line":97,"column":4},"end":{"line":99,"column":5}},"44":{"start":{"line":98,"column":6},"end":{"line":98,"column":77}},"45":{"start":{"line":101,"column":24},"end":{"line":103,"column":6}},"46":{"start":{"line":104,"column":4},"end":{"line":106,"column":5}},"47":{"start":{"line":105,"column":6},"end":{"line":105,"column":87}},"48":{"start":{"line":108,"column":4},"end":{"line":110,"column":5}},"49":{"start":{"line":108,"column":38},"end":{"line":108,"column":60}},"50":{"start":{"line":109,"column":6},"end":{"line":109,"column":93}},"51":{"start":{"line":112,"column":4},"end":{"line":112,"column":42}},"52":{"start":{"line":113,"column":4},"end":{"line":113,"column":52}},"53":{"start":{"line":117,"column":19},"end":{"line":120,"column":6}},"54":{"start":{"line":122,"column":4},"end":{"line":124,"column":5}},"55":{"start":{"line":123,"column":6},"end":{"line":123,"column":77}},"56":{"start":{"line":126,"column":29},"end":{"line":127,"column":null}},"57":{"start":{"line":127,"column":23},"end":{"line":127,"column":55}},"58":{"start":{"line":130,"column":4},"end":{"line":132,"column":5}},"59":{"start":{"line":131,"column":6},"end":{"line":131,"column":102}},"60":{"start":{"line":133,"column":4},"end":{"line":133,"column":52}},"61":{"start":{"line":134,"column":4},"end":{"line":134,"column":45}},"62":{"start":{"line":138,"column":19},"end":{"line":141,"column":6}},"63":{"start":{"line":143,"column":4},"end":{"line":145,"column":5}},"64":{"start":{"line":144,"column":6},"end":{"line":144,"column":77}},"65":{"start":{"line":146,"column":4},"end":{"line":146,"column":31}},"66":{"start":{"line":13,"column":13},"end":{"line":13,"column":28}},"67":{"start":{"line":13,"column":13},"end":{"line":148,"column":null}}},"fnMap":{"0":{"name":"(anonymous_4)","decl":{"start":{"line":18,"column":2},"end":{"line":18,"column":null}},"loc":{"start":{"line":26,"column":31},"end":{"line":27,"column":7}}},"1":{"name":"(anonymous_5)","decl":{"start":{"line":29,"column":2},"end":{"line":29,"column":7}},"loc":{"start":{"line":29,"column":47},"end":{"line":37,"column":3}}},"2":{"name":"(anonymous_6)","decl":{"start":{"line":39,"column":2},"end":{"line":39,"column":7}},"loc":{"start":{"line":39,"column":15},"end":{"line":52,"column":3}}},"3":{"name":"(anonymous_7)","decl":{"start":{"line":54,"column":2},"end":{"line":54,"column":7}},"loc":{"start":{"line":54,"column":26},"end":{"line":64,"column":3}}},"4":{"name":"(anonymous_8)","decl":{"start":{"line":66,"column":2},"end":{"line":66,"column":7}},"loc":{"start":{"line":66,"column":59},"end":{"line":81,"column":3}}},"5":{"name":"(anonymous_9)","decl":{"start":{"line":82,"column":2},"end":{"line":82,"column":7}},"loc":{"start":{"line":82,"column":25},"end":{"line":90,"column":3}}},"6":{"name":"(anonymous_10)","decl":{"start":{"line":92,"column":2},"end":{"line":92,"column":7}},"loc":{"start":{"line":92,"column":73},"end":{"line":114,"column":3}}},"7":{"name":"(anonymous_11)","decl":{"start":{"line":108,"column":33},"end":{"line":108,"column":34}},"loc":{"start":{"line":108,"column":38},"end":{"line":108,"column":60}}},"8":{"name":"(anonymous_12)","decl":{"start":{"line":116,"column":2},"end":{"line":116,"column":7}},"loc":{"start":{"line":116,"column":75},"end":{"line":135,"column":3}}},"9":{"name":"(anonymous_13)","decl":{"start":{"line":127,"column":6},"end":{"line":127,"column":7}},"loc":{"start":{"line":127,"column":23},"end":{"line":127,"column":55}}},"10":{"name":"(anonymous_14)","decl":{"start":{"line":137,"column":2},"end":{"line":137,"column":7}},"loc":{"start":{"line":137,"column":52},"end":{"line":147,"column":3}}}},"branchMap":{"0":{"loc":{"start":{"line":43,"column":6},"end":{"line":47,"column":7}},"type":"if","locations":[{"start":{"line":43,"column":6},"end":{"line":47,"column":7}}]},"1":{"loc":{"start":{"line":60,"column":4},"end":{"line":62,"column":5}},"type":"if","locations":[{"start":{"line":60,"column":4},"end":{"line":62,"column":5}}]},"2":{"loc":{"start":{"line":71,"column":4},"end":{"line":73,"column":5}},"type":"if","locations":[{"start":{"line":71,"column":4},"end":{"line":73,"column":5}}]},"3":{"loc":{"start":{"line":97,"column":4},"end":{"line":99,"column":5}},"type":"if","locations":[{"start":{"line":97,"column":4},"end":{"line":99,"column":5}}]},"4":{"loc":{"start":{"line":104,"column":4},"end":{"line":106,"column":5}},"type":"if","locations":[{"start":{"line":104,"column":4},"end":{"line":106,"column":5}}]},"5":{"loc":{"start":{"line":108,"column":4},"end":{"line":110,"column":5}},"type":"if","locations":[{"start":{"line":108,"column":4},"end":{"line":110,"column":5}}]},"6":{"loc":{"start":{"line":122,"column":4},"end":{"line":124,"column":5}},"type":"if","locations":[{"start":{"line":122,"column":4},"end":{"line":124,"column":5}}]},"7":{"loc":{"start":{"line":130,"column":4},"end":{"line":132,"column":5}},"type":"if","locations":[{"start":{"line":130,"column":4},"end":{"line":132,"column":5}}]},"8":{"loc":{"start":{"line":143,"column":4},"end":{"line":145,"column":5}},"type":"if","locations":[{"start":{"line":143,"column":4},"end":{"line":145,"column":5}}]}},"s":{"0":2,"1":2,"2":2,"3":2,"4":2,"5":2,"6":2,"7":2,"8":30,"9":30,"10":30,"11":30,"12":30,"13":2,"14":2,"15":2,"16":1,"17":1,"18":2,"19":2,"20":2,"21":2,"22":1,"23":1,"24":0,"25":1,"26":2,"27":2,"28":1,"29":1,"30":3,"31":3,"32":1,"33":2,"34":2,"35":1,"36":1,"37":2,"38":2,"39":2,"40":1,"41":1,"42":9,"43":9,"44":2,"45":7,"46":7,"47":3,"48":4,"49":1,"50":1,"51":3,"52":3,"53":6,"54":6,"55":2,"56":4,"57":3,"58":4,"59":2,"60":2,"61":2,"62":4,"63":4,"64":2,"65":2,"66":2,"67":2},"f":{"0":30,"1":2,"2":2,"3":2,"4":3,"5":2,"6":9,"7":1,"8":6,"9":3,"10":4},"b":{"0":[2],"1":[1],"2":[1],"3":[2],"4":[3],"5":[1],"6":[2],"7":[2],"8":[2]}}
,"C:\\Users\\Usuario\\Documents\\MISOProyectos\\CuartoSemestre\\Métricas y calidad\\Entrega\\MISW4403_202414_E15\\src\\ciudades\\dto\\create-ciudad.dto.ts": {"path":"C:\\Users\\Usuario\\Documents\\MISOProyectos\\CuartoSemestre\\Métricas y calidad\\Entrega\\MISW4403_202414_E15\\src\\ciudades\\dto\\create-ciudad.dto.ts","statementMap":{"0":{"start":{"line":1,"column":0},"end":{"line":1,"column":51}},"1":{"start":{"line":2,"column":0},"end":{"line":2,"column":54}},"2":{"start":{"line":5,"column":7},"end":{"line":10,"column":null}},"3":{"start":{"line":5,"column":13},"end":{"line":5,"column":28}},"4":{"start":{"line":9,"column":13},"end":{"line":9,"column":null}},"5":{"start":{"line":5,"column":13},"end":{"line":10,"column":null}}},"fnMap":{},"branchMap":{},"s":{"0":1,"1":1,"2":1,"3":1,"4":1,"5":1},"f":{},"b":{}}
,"C:\\Users\\Usuario\\Documents\\MISOProyectos\\CuartoSemestre\\Métricas y calidad\\Entrega\\MISW4403_202414_E15\\src\\ciudades\\dto\\update-ciudad.dto.ts": {"path":"C:\\Users\\Usuario\\Documents\\MISOProyectos\\CuartoSemestre\\Métricas y calidad\\Entrega\\MISW4403_202414_E15\\src\\ciudades\\dto\\update-ciudad.dto.ts","statementMap":{"0":{"start":{"line":1,"column":0},"end":{"line":1,"column":51}},"1":{"start":{"line":2,"column":0},"end":{"line":2,"column":54}},"2":{"start":{"line":3,"column":0},"end":{"line":3,"column":44}},"3":{"start":{"line":6,"column":7},"end":{"line":6,"column":null}},"4":{"start":{"line":6,"column":13},"end":{"line":6,"column":28}},"5":{"start":{"line":6,"column":13},"end":{"line":6,"column":null}}},"fnMap":{},"branchMap":{},"s":{"0":1,"1":1,"2":1,"3":1,"4":1,"5":1},"f":{},"b":{}}
,"C:\\Users\\Usuario\\Documents\\MISOProyectos\\CuartoSemestre\\Métricas y calidad\\Entrega\\MISW4403_202414_E15\\src\\ciudades\\entities\\ciudad.entity.ts": {"path":"C:\\Users\\Usuario\\Documents\\MISOProyectos\\CuartoSemestre\\Métricas y calidad\\Entrega\\MISW4403_202414_E15\\src\\ciudades\\entities\\ciudad.entity.ts","statementMap":{"0":{"start":{"line":1,"column":0},"end":{"line":1,"column":77}},"1":{"start":{"line":2,"column":0},"end":{"line":2,"column":87}},"2":{"start":{"line":3,"column":0},"end":{"line":3,"column":57}},"3":{"start":{"line":4,"column":0},"end":{"line":4,"column":52}},"4":{"start":{"line":8,"column":7},"end":{"line":24,"column":null}},"5":{"start":{"line":8,"column":13},"end":{"line":8,"column":19}},"6":{"start":{"line":11,"column":4},"end":{"line":11,"column":null}},"7":{"start":{"line":15,"column":4},"end":{"line":15,"column":null}},"8":{"start":{"line":19,"column":4},"end":{"line":19,"column":null}},"9":{"start":{"line":17,"column":17},"end":{"line":17,"column":30}},"10":{"start":{"line":18,"column":21},"end":{"line":18,"column":32}},"11":{"start":{"line":18,"column":52},"end":{"line":18,"column":72}},"12":{"start":{"line":23,"column":4},"end":{"line":23,"column":null}},"13":{"start":{"line":21,"column":17},"end":{"line":21,"column":23}},"14":{"start":{"line":22,"column":21},"end":{"line":22,"column":25}},"15":{"start":{"line":22,"column":35},"end":{"line":22,"column":48}},"16":{"start":{"line":8,"column":13},"end":{"line":24,"column":null}}},"fnMap":{"0":{"name":"(anonymous_2)","decl":{"start":{"line":17,"column":11},"end":{"line":17,"column":14}},"loc":{"start":{"line":17,"column":17},"end":{"line":17,"column":30}}},"1":{"name":"(anonymous_3)","decl":{"start":{"line":18,"column":15},"end":{"line":18,"column":18}},"loc":{"start":{"line":18,"column":21},"end":{"line":18,"column":32}}},"2":{"name":"(anonymous_4)","decl":{"start":{"line":18,"column":37},"end":{"line":18,"column":48}},"loc":{"start":{"line":18,"column":52},"end":{"line":18,"column":72}}},"3":{"name":"(anonymous_5)","decl":{"start":{"line":21,"column":11},"end":{"line":21,"column":14}},"loc":{"start":{"line":21,"column":17},"end":{"line":21,"column":23}}},"4":{"name":"(anonymous_6)","decl":{"start":{"line":22,"column":15},"end":{"line":22,"column":18}},"loc":{"start":{"line":22,"column":21},"end":{"line":22,"column":25}}},"5":{"name":"(anonymous_7)","decl":{"start":{"line":22,"column":27},"end":{"line":22,"column":31}},"loc":{"start":{"line":22,"column":35},"end":{"line":22,"column":48}}}},"branchMap":{},"s":{"0":17,"1":17,"2":17,"3":17,"4":17,"5":17,"6":17,"7":17,"8":17,"9":0,"10":0,"11":0,"12":17,"13":0,"14":0,"15":0,"16":17},"f":{"0":0,"1":0,"2":0,"3":0,"4":0,"5":0},"b":{}}
,"C:\\Users\\Usuario\\Documents\\MISOProyectos\\CuartoSemestre\\Métricas y calidad\\Entrega\\MISW4403_202414_E15\\src\\culturas\\culturas.controller.ts": {"path":"C:\\Users\\Usuario\\Documents\\MISOProyectos\\CuartoSemestre\\Métricas y calidad\\Entrega\\MISW4403_202414_E15\\src\\culturas\\culturas.controller.ts","statementMap":{"0":{"start":{"line":1,"column":0},"end":{"line":1,"column":134}},"1":{"start":{"line":2,"column":0},"end":{"line":2,"column":53}},"2":{"start":{"line":3,"column":0},"end":{"line":3,"column":60}},"3":{"start":{"line":4,"column":0},"end":{"line":4,"column":60}},"4":{"start":{"line":5,"column":0},"end":{"line":5,"column":60}},"5":{"start":{"line":6,"column":0},"end":{"line":6,"column":72}},"6":{"start":{"line":7,"column":0},"end":{"line":7,"column":52}},"7":{"start":{"line":8,"column":0},"end":{"line":8,"column":65}},"8":{"start":{"line":10,"column":0},"end":{"line":10,"column":61}},"9":{"start":{"line":11,"column":0},"end":{"line":11,"column":63}},"10":{"start":{"line":14,"column":0},"end":{"line":14,"column":41}},"11":{"start":{"line":15,"column":0},"end":{"line":15,"column":48}},"12":{"start":{"line":16,"column":0},"end":{"line":16,"column":70}},"13":{"start":{"line":17,"column":0},"end":{"line":17,"column":56}},"14":{"start":{"line":20,"column":7},"end":{"line":194,"column":null}},"15":{"start":{"line":21,"column":31},"end":{"line":21,"column":48}},"16":{"start":{"line":27,"column":4},"end":{"line":27,"column":57}},"17":{"start":{"line":34,"column":4},"end":{"line":34,"column":42}},"18":{"start":{"line":41,"column":4},"end":{"line":41,"column":44}},"19":{"start":{"line":48,"column":4},"end":{"line":48,"column":61}},"20":{"start":{"line":55,"column":4},"end":{"line":55,"column":42}},"21":{"start":{"line":56,"column":4},"end":{"line":56,"column":45}},"22":{"start":{"line":68,"column":4},"end":{"line":68,"column":84}},"23":{"start":{"line":77,"column":4},"end":{"line":77,"column":59}},"24":{"start":{"line":87,"column":18},"end":{"line":87,"column":42}},"25":{"start":{"line":88,"column":4},"end":{"line":88,"column":71}},"26":{"start":{"line":100,"column":4},"end":{"line":100,"column":72}},"27":{"start":{"line":101,"column":4},"end":{"line":101,"column":45}},"28":{"start":{"line":112,"column":4},"end":{"line":112,"column":86}},"29":{"start":{"line":122,"column":4},"end":{"line":122,"column":86}},"30":{"start":{"line":131,"column":4},"end":{"line":131,"column":60}},"31":{"start":{"line":141,"column":4},"end":{"line":141,"column":92}},"32":{"start":{"line":150,"column":36},"end":{"line":150,"column":42}},"33":{"start":{"line":151,"column":4},"end":{"line":151,"column":77}},"34":{"start":{"line":159,"column":4},"end":{"line":159,"column":85}},"35":{"start":{"line":166,"column":4},"end":{"line":166,"column":86}},"36":{"start":{"line":173,"column":4},"end":{"line":173,"column":82}},"37":{"start":{"line":180,"column":22},"end":{"line":180,"column":84}},"38":{"start":{"line":181,"column":4},"end":{"line":181,"column":91}},"39":{"start":{"line":189,"column":4},"end":{"line":189,"column":87}},"40":{"start":{"line":20,"column":13},"end":{"line":20,"column":31}},"41":{"start":{"line":26,"column":2},"end":{"line":28,"column":null}},"42":{"start":{"line":33,"column":2},"end":{"line":35,"column":null}},"43":{"start":{"line":40,"column":2},"end":{"line":42,"column":null}},"44":{"start":{"line":47,"column":2},"end":{"line":49,"column":null}},"45":{"start":{"line":54,"column":8},"end":{"line":57,"column":null}},"46":{"start":{"line":64,"column":8},"end":{"line":69,"column":null}},"47":{"start":{"line":74,"column":8},"end":{"line":78,"column":null}},"48":{"start":{"line":83,"column":8},"end":{"line":89,"column":null}},"49":{"start":{"line":95,"column":8},"end":{"line":102,"column":null}},"50":{"start":{"line":108,"column":8},"end":{"line":113,"column":null}},"51":{"start":{"line":118,"column":8},"end":{"line":123,"column":null}},"52":{"start":{"line":128,"column":8},"end":{"line":132,"column":null}},"53":{"start":{"line":137,"column":8},"end":{"line":142,"column":null}},"54":{"start":{"line":147,"column":8},"end":{"line":152,"column":null}},"55":{"start":{"line":158,"column":8},"end":{"line":160,"column":null}},"56":{"start":{"line":165,"column":8},"end":{"line":167,"column":null}},"57":{"start":{"line":172,"column":8},"end":{"line":174,"column":null}},"58":{"start":{"line":179,"column":8},"end":{"line":182,"column":null}},"59":{"start":{"line":188,"column":8},"end":{"line":190,"column":null}},"60":{"start":{"line":20,"column":13},"end":{"line":194,"column":null}}},"fnMap":{"0":{"name":"(anonymous_4)","decl":{"start":{"line":21,"column":2},"end":{"line":21,"column":31}},"loc":{"start":{"line":21,"column":63},"end":{"line":21,"column":68}}},"1":{"name":"(anonymous_5)","decl":{"start":{"line":26,"column":2},"end":{"line":26,"column":8}},"loc":{"start":{"line":26,"column":51},"end":{"line":28,"column":3}}},"2":{"name":"(anonymous_6)","decl":{"start":{"line":33,"column":2},"end":{"line":33,"column":9}},"loc":{"start":{"line":33,"column":9},"end":{"line":35,"column":3}}},"3":{"name":"(anonymous_7)","decl":{"start":{"line":40,"column":2},"end":{"line":40,"column":9}},"loc":{"start":{"line":40,"column":48},"end":{"line":42,"column":3}}},"4":{"name":"(anonymous_8)","decl":{"start":{"line":47,"column":2},"end":{"line":47,"column":8}},"loc":{"start":{"line":47,"column":91},"end":{"line":49,"column":3}}},"5":{"name":"(anonymous_9)","decl":{"start":{"line":54,"column":2},"end":{"line":54,"column":7}},"loc":{"start":{"line":54,"column":75},"end":{"line":57,"column":3}}},"6":{"name":"(anonymous_10)","decl":{"start":{"line":64,"column":2},"end":{"line":64,"column":7}},"loc":{"start":{"line":66,"column":46},"end":{"line":69,"column":3}}},"7":{"name":"(anonymous_11)","decl":{"start":{"line":74,"column":2},"end":{"line":74,"column":7}},"loc":{"start":{"line":75,"column":42},"end":{"line":78,"column":3}}},"8":{"name":"(anonymous_12)","decl":{"start":{"line":83,"column":2},"end":{"line":83,"column":7}},"loc":{"start":{"line":85,"column":46},"end":{"line":89,"column":3}}},"9":{"name":"(anonymous_13)","decl":{"start":{"line":95,"column":2},"end":{"line":95,"column":7}},"loc":{"start":{"line":98,"column":24},"end":{"line":102,"column":3}}},"10":{"name":"(anonymous_14)","decl":{"start":{"line":108,"column":2},"end":{"line":108,"column":7}},"loc":{"start":{"line":110,"column":47},"end":{"line":113,"column":3}}},"11":{"name":"(anonymous_15)","decl":{"start":{"line":118,"column":2},"end":{"line":118,"column":7}},"loc":{"start":{"line":120,"column":47},"end":{"line":123,"column":3}}},"12":{"name":"(anonymous_16)","decl":{"start":{"line":128,"column":2},"end":{"line":128,"column":7}},"loc":{"start":{"line":129,"column":42},"end":{"line":132,"column":3}}},"13":{"name":"(anonymous_17)","decl":{"start":{"line":137,"column":2},"end":{"line":137,"column":7}},"loc":{"start":{"line":139,"column":48},"end":{"line":142,"column":3}}},"14":{"name":"(anonymous_18)","decl":{"start":{"line":147,"column":2},"end":{"line":147,"column":7}},"loc":{"start":{"line":148,"column":38},"end":{"line":152,"column":3}}},"15":{"name":"(anonymous_19)","decl":{"start":{"line":158,"column":2},"end":{"line":158,"column":7}},"loc":{"start":{"line":158,"column":110},"end":{"line":160,"column":3}}},"16":{"name":"(anonymous_20)","decl":{"start":{"line":165,"column":2},"end":{"line":165,"column":7}},"loc":{"start":{"line":165,"column":111},"end":{"line":167,"column":3}}},"17":{"name":"(anonymous_21)","decl":{"start":{"line":172,"column":2},"end":{"line":172,"column":7}},"loc":{"start":{"line":172,"column":78},"end":{"line":174,"column":3}}},"18":{"name":"(anonymous_22)","decl":{"start":{"line":179,"column":2},"end":{"line":179,"column":7}},"loc":{"start":{"line":179,"column":132},"end":{"line":182,"column":3}}},"19":{"name":"(anonymous_23)","decl":{"start":{"line":188,"column":2},"end":{"line":188,"column":7}},"loc":{"start":{"line":188,"column":112},"end":{"line":190,"column":3}}}},"branchMap":{},"s":{"0":1,"1":1,"2":1,"3":1,"4":1,"5":1,"6":1,"7":1,"8":1,"9":1,"10":1,"11":1,"12":1,"13":1,"14":1,"15":20,"16":1,"17":1,"18":1,"19":1,"20":1,"21":1,"22":1,"23":1,"24":1,"25":1,"26":1,"27":1,"28":0,"29":1,"30":1,"31":2,"32":1,"33":1,"34":1,"35":1,"36":1,"37":1,"38":1,"39":1,"40":1,"41":1,"42":1,"43":1,"44":1,"45":1,"46":1,"47":1,"48":1,"49":1,"50":1,"51":1,"52":1,"53":1,"54":1,"55":1,"56":1,"57":1,"58":1,"59":1,"60":1},"f":{"0":20,"1":1,"2":1,"3":1,"4":1,"5":1,"6":1,"7":1,"8":1,"9":1,"10":0,"11":1,"12":1,"13":2,"14":1,"15":1,"16":1,"17":1,"18":1,"19":1},"b":{}}
,"C:\\Users\\Usuario\\Documents\\MISOProyectos\\CuartoSemestre\\Métricas y calidad\\Entrega\\MISW4403_202414_E15\\src\\culturas\\culturas.module.ts": {"path":"C:\\Users\\Usuario\\Documents\\MISOProyectos\\CuartoSemestre\\Métricas y calidad\\Entrega\\MISW4403_202414_E15\\src\\culturas\\culturas.module.ts","statementMap":{"0":{"start":{"line":1,"column":0},"end":{"line":1,"column":40}},"1":{"start":{"line":2,"column":0},"end":{"line":2,"column":48}},"2":{"start":{"line":3,"column":0},"end":{"line":3,"column":53}},"3":{"start":{"line":4,"column":0},"end":{"line":4,"column":59}},"4":{"start":{"line":5,"column":0},"end":{"line":5,"column":52}},"5":{"start":{"line":6,"column":0},"end":{"line":6,"column":74}},"6":{"start":{"line":7,"column":0},"end":{"line":7,"column":54}},"7":{"start":{"line":8,"column":0},"end":{"line":8,"column":59}},"8":{"start":{"line":9,"column":0},"end":{"line":9,"column":65}},"9":{"start":{"line":10,"column":0},"end":{"line":10,"column":55}},"10":{"start":{"line":20,"column":7},"end":{"line":20,"column":null}},"11":{"start":{"line":20,"column":13},"end":{"line":20,"column":27}},"12":{"start":{"line":20,"column":13},"end":{"line":20,"column":null}}},"fnMap":{},"branchMap":{},"s":{"0":0,"1":0,"2":0,"3":0,"4":0,"5":0,"6":0,"7":0,"8":0,"9":0,"10":0,"11":0,"12":0},"f":{},"b":{}}
,"C:\\Users\\Usuario\\Documents\\MISOProyectos\\CuartoSemestre\\Métricas y calidad\\Entrega\\MISW4403_202414_E15\\src\\culturas\\culturas.resolver.ts": {"path":"C:\\Users\\Usuario\\Documents\\MISOProyectos\\CuartoSemestre\\Métricas y calidad\\Entrega\\MISW4403_202414_E15\\src\\culturas\\culturas.resolver.ts","statementMap":{"0":{"start":{"line":1,"column":0},"end":{"line":1,"column":66}},"1":{"start":{"line":2,"column":0},"end":{"line":2,"column":53}},"2":{"start":{"line":3,"column":0},"end":{"line":3,"column":52}},"3":{"start":{"line":4,"column":0},"end":{"line":4,"column":60}},"4":{"start":{"line":5,"column":0},"end":{"line":5,"column":60}},"5":{"start":{"line":6,"column":0},"end":{"line":6,"column":59}},"6":{"start":{"line":9,"column":7},"end":{"line":123,"column":null}},"7":{"start":{"line":10,"column":33},"end":{"line":10,"column":49}},"8":{"start":{"line":14,"column":8},"end":{"line":14,"column":45}},"9":{"start":{"line":19,"column":8},"end":{"line":19,"column":47}},"10":{"start":{"line":24,"column":8},"end":{"line":24,"column":60}},"11":{"start":{"line":29,"column":8},"end":{"line":29,"column":64}},"12":{"start":{"line":34,"column":8},"end":{"line":34,"column":45}},"13":{"start":{"line":35,"column":8},"end":{"line":35,"column":20}},"14":{"start":{"line":41,"column":7},"end":{"line":41,"column":71}},"15":{"start":{"line":49,"column":8},"end":{"line":49,"column":77}},"16":{"start":{"line":57,"column":8},"end":{"line":57,"column":80}},"17":{"start":{"line":64,"column":24},"end":{"line":64,"column":68}},"18":{"start":{"line":65,"column":8},"end":{"line":65,"column":31}},"19":{"start":{"line":73,"column":24},"end":{"line":73,"column":68}},"20":{"start":{"line":74,"column":8},"end":{"line":74,"column":60}},"21":{"start":{"line":74,"column":41},"end":{"line":74,"column":58}},"22":{"start":{"line":81,"column":7},"end":{"line":81,"column":70}},"23":{"start":{"line":86,"column":8},"end":{"line":86,"column":75}},"24":{"start":{"line":91,"column":8},"end":{"line":91,"column":78}},"25":{"start":{"line":96,"column":24},"end":{"line":96,"column":68}},"26":{"start":{"line":97,"column":8},"end":{"line":97,"column":23}},"27":{"start":{"line":104,"column":7},"end":{"line":104,"column":82}},"28":{"start":{"line":109,"column":8},"end":{"line":109,"column":87}},"29":{"start":{"line":114,"column":8},"end":{"line":114,"column":90}},"30":{"start":{"line":119,"column":24},"end":{"line":119,"column":68}},"31":{"start":{"line":120,"column":8},"end":{"line":120,"column":23}},"32":{"start":{"line":9,"column":13},"end":{"line":9,"column":29}},"33":{"start":{"line":13,"column":4},"end":{"line":15,"column":null}},"34":{"start":{"line":12,"column":17},"end":{"line":12,"column":26}},"35":{"start":{"line":18,"column":4},"end":{"line":20,"column":null}},"36":{"start":{"line":17,"column":17},"end":{"line":17,"column":24}},"37":{"start":{"line":23,"column":4},"end":{"line":25,"column":null}},"38":{"start":{"line":22,"column":20},"end":{"line":22,"column":27}},"39":{"start":{"line":28,"column":10},"end":{"line":30,"column":null}},"40":{"start":{"line":27,"column":20},"end":{"line":27,"column":27}},"41":{"start":{"line":33,"column":10},"end":{"line":36,"column":null}},"42":{"start":{"line":32,"column":20},"end":{"line":32,"column":27}},"43":{"start":{"line":40,"column":4},"end":{"line":42,"column":null}},"44":{"start":{"line":39,"column":20},"end":{"line":39,"column":27}},"45":{"start":{"line":40,"column":85},"end":{"line":40,"column":93}},"46":{"start":{"line":45,"column":10},"end":{"line":50,"column":null}},"47":{"start":{"line":44,"column":20},"end":{"line":44,"column":27}},"48":{"start":{"line":47,"column":41},"end":{"line":47,"column":49}},"49":{"start":{"line":53,"column":10},"end":{"line":58,"column":null}},"50":{"start":{"line":52,"column":20},"end":{"line":52,"column":27}},"51":{"start":{"line":61,"column":10},"end":{"line":66,"column":null}},"52":{"start":{"line":60,"column":17},"end":{"line":60,"column":25}},"53":{"start":{"line":69,"column":10},"end":{"line":75,"column":null}},"54":{"start":{"line":68,"column":17},"end":{"line":68,"column":23}},"55":{"start":{"line":80,"column":4},"end":{"line":82,"column":null}},"56":{"start":{"line":79,"column":20},"end":{"line":79,"column":27}},"57":{"start":{"line":80,"column":83},"end":{"line":80,"column":91}},"58":{"start":{"line":85,"column":10},"end":{"line":87,"column":null}},"59":{"start":{"line":84,"column":20},"end":{"line":84,"column":27}},"60":{"start":{"line":85,"column":89},"end":{"line":85,"column":97}},"61":{"start":{"line":90,"column":10},"end":{"line":92,"column":null}},"62":{"start":{"line":89,"column":20},"end":{"line":89,"column":27}},"63":{"start":{"line":95,"column":10},"end":{"line":98,"column":null}},"64":{"start":{"line":94,"column":17},"end":{"line":94,"column":24}},"65":{"start":{"line":103,"column":4},"end":{"line":105,"column":null}},"66":{"start":{"line":102,"column":20},"end":{"line":102,"column":27}},"67":{"start":{"line":103,"column":95},"end":{"line":103,"column":103}},"68":{"start":{"line":108,"column":10},"end":{"line":110,"column":null}},"69":{"start":{"line":107,"column":20},"end":{"line":107,"column":27}},"70":{"start":{"line":108,"column":101},"end":{"line":108,"column":109}},"71":{"start":{"line":113,"column":10},"end":{"line":115,"column":null}},"72":{"start":{"line":112,"column":20},"end":{"line":112,"column":27}},"73":{"start":{"line":118,"column":10},"end":{"line":121,"column":null}},"74":{"start":{"line":117,"column":17},"end":{"line":117,"column":24}},"75":{"start":{"line":9,"column":13},"end":{"line":123,"column":null}},"76":{"start":{"line":8,"column":16},"end":{"line":8,"column":23}}},"fnMap":{"0":{"name":"(anonymous_4)","decl":{"start":{"line":10,"column":4},"end":{"line":10,"column":33}},"loc":{"start":{"line":10,"column":64},"end":{"line":10,"column":68}}},"1":{"name":"(anonymous_5)","decl":{"start":{"line":13,"column":4},"end":{"line":13,"column":12}},"loc":{"start":{"line":13,"column":12},"end":{"line":15,"column":5}}},"2":{"name":"(anonymous_6)","decl":{"start":{"line":18,"column":4},"end":{"line":18,"column":11}},"loc":{"start":{"line":18,"column":34},"end":{"line":20,"column":5}}},"3":{"name":"(anonymous_7)","decl":{"start":{"line":23,"column":4},"end":{"line":23,"column":17}},"loc":{"start":{"line":23,"column":78},"end":{"line":25,"column":5}}},"4":{"name":"(anonymous_8)","decl":{"start":{"line":28,"column":4},"end":{"line":28,"column":9}},"loc":{"start":{"line":28,"column":109},"end":{"line":30,"column":5}}},"5":{"name":"(anonymous_9)","decl":{"start":{"line":33,"column":4},"end":{"line":33,"column":9}},"loc":{"start":{"line":33,"column":46},"end":{"line":36,"column":5}}},"6":{"name":"(anonymous_10)","decl":{"start":{"line":40,"column":4},"end":{"line":40,"column":26}},"loc":{"start":{"line":40,"column":116},"end":{"line":42,"column":5}}},"7":{"name":"(anonymous_11)","decl":{"start":{"line":45,"column":4},"end":{"line":45,"column":9}},"loc":{"start":{"line":47,"column":72},"end":{"line":50,"column":5}}},"8":{"name":"(anonymous_12)","decl":{"start":{"line":53,"column":4},"end":{"line":53,"column":9}},"loc":{"start":{"line":55,"column":42},"end":{"line":58,"column":5}}},"9":{"name":"(anonymous_13)","decl":{"start":{"line":61,"column":4},"end":{"line":61,"column":9}},"loc":{"start":{"line":62,"column":44},"end":{"line":66,"column":5}}},"10":{"name":"(anonymous_14)","decl":{"start":{"line":69,"column":4},"end":{"line":69,"column":9}},"loc":{"start":{"line":71,"column":42},"end":{"line":75,"column":5}}},"11":{"name":"(anonymous_15)","decl":{"start":{"line":74,"column":36},"end":{"line":74,"column":37}},"loc":{"start":{"line":74,"column":41},"end":{"line":74,"column":58}}},"12":{"name":"(anonymous_16)","decl":{"start":{"line":80,"column":4},"end":{"line":80,"column":25}},"loc":{"start":{"line":80,"column":113},"end":{"line":82,"column":5}}},"13":{"name":"(anonymous_17)","decl":{"start":{"line":85,"column":4},"end":{"line":85,"column":9}},"loc":{"start":{"line":85,"column":119},"end":{"line":87,"column":5}}},"14":{"name":"(anonymous_18)","decl":{"start":{"line":90,"column":4},"end":{"line":90,"column":9}},"loc":{"start":{"line":90,"column":105},"end":{"line":92,"column":5}}},"15":{"name":"(anonymous_19)","decl":{"start":{"line":95,"column":4},"end":{"line":95,"column":9}},"loc":{"start":{"line":95,"column":69},"end":{"line":98,"column":5}}},"16":{"name":"(anonymous_20)","decl":{"start":{"line":103,"column":4},"end":{"line":103,"column":31}},"loc":{"start":{"line":103,"column":131},"end":{"line":105,"column":5}}},"17":{"name":"(anonymous_21)","decl":{"start":{"line":108,"column":4},"end":{"line":108,"column":9}},"loc":{"start":{"line":108,"column":137},"end":{"line":110,"column":5}}},"18":{"name":"(anonymous_22)","decl":{"start":{"line":113,"column":4},"end":{"line":113,"column":9}},"loc":{"start":{"line":113,"column":121},"end":{"line":115,"column":5}}},"19":{"name":"(anonymous_23)","decl":{"start":{"line":118,"column":4},"end":{"line":118,"column":9}},"loc":{"start":{"line":118,"column":75},"end":{"line":121,"column":5}}},"20":{"name":"(anonymous_24)","decl":{"start":{"line":12,"column":11},"end":{"line":12,"column":14}},"loc":{"start":{"line":12,"column":17},"end":{"line":12,"column":26}}},"21":{"name":"(anonymous_25)","decl":{"start":{"line":17,"column":11},"end":{"line":17,"column":14}},"loc":{"start":{"line":17,"column":17},"end":{"line":17,"column":24}}},"22":{"name":"(anonymous_26)","decl":{"start":{"line":22,"column":14},"end":{"line":22,"column":17}},"loc":{"start":{"line":22,"column":20},"end":{"line":22,"column":27}}},"23":{"name":"(anonymous_27)","decl":{"start":{"line":27,"column":14},"end":{"line":27,"column":17}},"loc":{"start":{"line":27,"column":20},"end":{"line":27,"column":27}}},"24":{"name":"(anonymous_28)","decl":{"start":{"line":32,"column":14},"end":{"line":32,"column":17}},"loc":{"start":{"line":32,"column":20},"end":{"line":32,"column":27}}},"25":{"name":"(anonymous_29)","decl":
[...]
":102}},"59":{"start":{"line":135,"column":4},"end":{"line":137,"column":5}},"60":{"start":{"line":136,"column":6},"end":{"line":136,"column":105}},"61":{"start":{"line":138,"column":20},"end":{"line":138,"column":81}},"62":{"start":{"line":138,"column":56},"end":{"line":138,"column":80}},"63":{"start":{"line":139,"column":4},"end":{"line":141,"column":5}},"64":{"start":{"line":140,"column":6},"end":{"line":140,"column":124}},"65":{"start":{"line":142,"column":4},"end":{"line":142,"column":90}},"66":{"start":{"line":142,"column":64},"end":{"line":142,"column":88}},"67":{"start":{"line":143,"column":4},"end":{"line":143,"column":61}},"68":{"start":{"line":148,"column":4},"end":{"line":150,"column":5}},"69":{"start":{"line":149,"column":6},"end":{"line":149,"column":101}},"70":{"start":{"line":13,"column":13},"end":{"line":13,"column":32}},"71":{"start":{"line":13,"column":13},"end":{"line":152,"column":null}}},"fnMap":{"0":{"name":"(anonymous_4)","decl":{"start":{"line":18,"column":2},"end":{"line":18,"column":null}},"loc":{"start":{"line":26,"column":31},"end":{"line":27,"column":5}}},"1":{"name":"(anonymous_5)","decl":{"start":{"line":29,"column":2},"end":{"line":29,"column":7}},"loc":{"start":{"line":29,"column":57},"end":{"line":37,"column":3}}},"2":{"name":"(anonymous_6)","decl":{"start":{"line":39,"column":2},"end":{"line":39,"column":7}},"loc":{"start":{"line":39,"column":15},"end":{"line":51,"column":3}}},"3":{"name":"(anonymous_7)","decl":{"start":{"line":53,"column":2},"end":{"line":53,"column":7}},"loc":{"start":{"line":53,"column":26},"end":{"line":63,"column":3}}},"4":{"name":"(anonymous_8)","decl":{"start":{"line":65,"column":2},"end":{"line":65,"column":7}},"loc":{"start":{"line":65,"column":69},"end":{"line":79,"column":3}}},"5":{"name":"(anonymous_9)","decl":{"start":{"line":81,"column":2},"end":{"line":81,"column":7}},"loc":{"start":{"line":81,"column":25},"end":{"line":84,"column":3}}},"6":{"name":"(anonymous_10)","decl":{"start":{"line":89,"column":2},"end":{"line":89,"column":7}},"loc":{"start":{"line":89,"column":78},"end":{"line":101,"column":3}}},"7":{"name":"(anonymous_11)","decl":{"start":{"line":104,"column":2},"end":{"line":104,"column":7}},"loc":{"start":{"line":104,"column":58},"end":{"line":110,"column":3}}},"8":{"name":"(anonymous_12)","decl":{"start":{"line":113,"column":2},"end":{"line":113,"column":7}},"loc":{"start":{"line":113,"column":83},"end":{"line":124,"column":3}}},"9":{"name":"(anonymous_13)","decl":{"start":{"line":127,"column":2},"end":{"line":127,"column":7}},"loc":{"start":{"line":127,"column":77},"end":{"line":144,"column":3}}},"10":{"name":"(anonymous_14)","decl":{"start":{"line":138,"column":45},"end":{"line":138,"column":52}},"loc":{"start":{"line":138,"column":56},"end":{"line":138,"column":80}}},"11":{"name":"(anonymous_15)","decl":{"start":{"line":142,"column":53},"end":{"line":142,"column":60}},"loc":{"start":{"line":142,"column":64},"end":{"line":142,"column":88}}},"12":{"name":"(anonymous_16)","decl":{"start":{"line":147,"column":2},"end":{"line":147,"column":23}},"loc":{"start":{"line":147,"column":44},"end":{"line":151,"column":3}}}},"branchMap":{"0":{"loc":{"start":{"line":42,"column":6},"end":{"line":46,"column":7}},"type":"if","locations":[{"start":{"line":42,"column":6},"end":{"line":46,"column":7}}]},"1":{"loc":{"start":{"line":59,"column":4},"end":{"line":61,"column":7}},"type":"if","locations":[{"start":{"line":59,"column":4},"end":{"line":61,"column":7}}]},"2":{"loc":{"start":{"line":70,"column":4},"end":{"line":71,"column":113}},"type":"if","locations":[{"start":{"line":70,"column":4},"end":{"line":71,"column":113}}]},"3":{"loc":{"start":{"line":91,"column":4},"end":{"line":93,"column":5}},"type":"if","locations":[{"start":{"line":91,"column":4},"end":{"line":93,"column":5}}]},"4":{"loc":{"start":{"line":106,"column":4},"end":{"line":108,"column":5}},"type":"if","locations":[{"start":{"line":106,"column":4},"end":{"line":108,"column":5}}]},"5":{"loc":{"start":{"line":116,"column":4},"end":{"line":121,"column":5}},"type":"if","locations":[{"start":{"line":116,"column":4},"end":{"line":121,"column":5}}]},"6":{"loc":{"start":{"line":132,"column":4},"end":{"line":134,"column":5}},"type":"if","locations":[{"start":{"line":132,"column":4},"end":{"line":134,"column":5}}]},"7":{"loc":{"start":{"line":135,"column":4},"end":{"line":137,"column":5}},"type":"if","locations":[{"start":{"line":135,"column":4},"end":{"line":137,"column":5}}]},"8":{"loc":{"start":{"line":135,"column":8},"end":{"line":135,"column":64}},"type":"binary-expr","locations":[{"start":{"line":135,"column":8},"end":{"line":135,"column":28}},{"start":{"line":135,"column":32},"end":{"line":135,"column":64}}]},"9":{"loc":{"start":{"line":139,"column":4},"end":{"line":141,"column":5}},"type":"if","locations":[{"start":{"line":139,"column":4},"end":{"line":141,"column":5}}]},"10":{"loc":{"start":{"line":148,"column":4},"end":{"line":150,"column":5}},"type":"if","locations":[{"start":{"line":148,"column":4},"end":{"line":150,"column":5}}]}},"s":{"0":3,"1":3,"2":3,"3":3,"4":3,"5":3,"6":3,"7":3,"8":18,"9":18,"10":18,"11":18,"12":18,"13":2,"14":2,"15":2,"16":1,"17":1,"18":1,"19":1,"20":1,"21":1,"22":1,"23":1,"24":0,"25":0,"26":2,"27":2,"28":1,"29":1,"30":1,"31":1,"32":0,"33":1,"34":1,"35":1,"36":0,"37":1,"38":1,"39":2,"40":2,"41":0,"42":2,"43":2,"44":1,"45":1,"46":2,"47":2,"48":1,"49":1,"50":2,"51":2,"52":2,"53":1,"54":1,"55":1,"56":4,"57":4,"58":1,"59":3,"60":1,"61":2,"62":2,"63":2,"64":1,"65":1,"66":2,"67":1,"68":2,"69":1,"70":3,"71":3},"f":{"0":18,"1":2,"2":1,"3":2,"4":1,"5":1,"6":2,"7":2,"8":2,"9":4,"10":2,"11":2,"12":2},"b":{"0":[1],"1":[1],"2":[0],"3":[0],"4":[1],"5":[1],"6":[1],"7":[1],"8":[3,3],"9":[1],"10":[1]}}
,"C:\\Users\\Usuario\\Documents\\MISOProyectos\\CuartoSemestre\\Métricas y calidad\\Entrega\\MISW4403_202414_E15\\src\\restaurantes\\dto\\agregar-culturas.dto.ts": {"path":"C:\\Users\\Usuario\\Documents\\MISOProyectos\\CuartoSemestre\\Métricas y calidad\\Entrega\\MISW4403_202414_E15\\src\\restaurantes\\dto\\agregar-culturas.dto.ts","statementMap":{"0":{"start":{"line":1,"column":0},"end":{"line":1,"column":50}},"1":{"start":{"line":3,"column":0},"end":{"line":3,"column":13}},"2":{"start":{"line":7,"column":4},"end":{"line":7,"column":null}}},"fnMap":{},"branchMap":{},"s":{"0":1,"1":1,"2":1},"f":{},"b":{}}
,"C:\\Users\\Usuario\\Documents\\MISOProyectos\\CuartoSemestre\\Métricas y calidad\\Entrega\\MISW4403_202414_E15\\src\\restaurantes\\dto\\create-restaurante.dto.ts": {"path":"C:\\Users\\Usuario\\Documents\\MISOProyectos\\CuartoSemestre\\Métricas y calidad\\Entrega\\MISW4403_202414_E15\\src\\restaurantes\\dto\\create-restaurante.dto.ts","statementMap":{"0":{"start":{"line":1,"column":0},"end":{"line":1,"column":51}},"1":{"start":{"line":2,"column":0},"end":{"line":2,"column":72}},"2":{"start":{"line":5,"column":7},"end":{"line":19,"column":null}},"3":{"start":{"line":5,"column":13},"end":{"line":5,"column":33}},"4":{"start":{"line":10,"column":4},"end":{"line":10,"column":null}},"5":{"start":{"line":14,"column":4},"end":{"line":14,"column":null}},"6":{"start":{"line":18,"column":4},"end":{"line":18,"column":null}},"7":{"start":{"line":5,"column":13},"end":{"line":19,"column":null}}},"fnMap":{},"branchMap":{},"s":{"0":2,"1":2,"2":2,"3":2,"4":2,"5":2,"6":2,"7":2},"f":{},"b":{}}
,"C:\\Users\\Usuario\\Documents\\MISOProyectos\\CuartoSemestre\\Métricas y calidad\\Entrega\\MISW4403_202414_E15\\src\\restaurantes\\dto\\eliminar-culturas.dto.ts": {"path":"C:\\Users\\Usuario\\Documents\\MISOProyectos\\CuartoSemestre\\Métricas y calidad\\Entrega\\MISW4403_202414_E15\\src\\restaurantes\\dto\\eliminar-culturas.dto.ts","statementMap":{"0":{"start":{"line":1,"column":0},"end":{"line":1,"column":51}},"1":{"start":{"line":2,"column":0},"end":{"line":2,"column":41}},"2":{"start":{"line":5,"column":7},"end":{"line":13,"column":null}},"3":{"start":{"line":5,"column":13},"end":{"line":5,"column":31}},"4":{"start":{"line":8,"column":4},"end":{"line":8,"column":null}},"5":{"start":{"line":12,"column":4},"end":{"line":12,"column":null}},"6":{"start":{"line":5,"column":13},"end":{"line":13,"column":null}}},"fnMap":{},"branchMap":{},"s":{"0":0,"1":0,"2":0,"3":0,"4":0,"5":0,"6":0},"f":{},"b":{}}
,"C:\\Users\\Usuario\\Documents\\MISOProyectos\\CuartoSemestre\\Métricas y calidad\\Entrega\\MISW4403_202414_E15\\src\\restaurantes\\dto\\update-restaurante.dto.ts": {"path":"C:\\Users\\Usuario\\Documents\\MISOProyectos\\CuartoSemestre\\Métricas y calidad\\Entrega\\MISW4403_202414_E15\\src\\restaurantes\\dto\\update-restaurante.dto.ts","statementMap":{"0":{"start":{"line":1,"column":0},"end":{"line":1,"column":51}},"1":{"start":{"line":2,"column":0},"end":{"line":2,"column":64}},"2":{"start":{"line":3,"column":0},"end":{"line":3,"column":44}},"3":{"start":{"line":6,"column":7},"end":{"line":6,"column":null}},"4":{"start":{"line":6,"column":13},"end":{"line":6,"column":33}},"5":{"start":{"line":6,"column":13},"end":{"line":6,"column":null}}},"fnMap":{},"branchMap":{},"s":{"0":1,"1":1,"2":1,"3":1,"4":1,"5":1},"f":{},"b":{}}
,"C:\\Users\\Usuario\\Documents\\MISOProyectos\\CuartoSemestre\\Métricas y calidad\\Entrega\\MISW4403_202414_E15\\src\\restaurantes\\entities\\restaurante.entity.ts": {"path":"C:\\Users\\Usuario\\Documents\\MISOProyectos\\CuartoSemestre\\Métricas y calidad\\Entrega\\MISW4403_202414_E15\\src\\restaurantes\\entities\\restaurante.entity.ts","statementMap":{"0":{"start":{"line":1,"column":0},"end":{"line":1,"column":88}},"1":{"start":{"line":2,"column":0},"end":{"line":2,"column":65}},"2":{"start":{"line":3,"column":0},"end":{"line":3,"column":63}},"3":{"start":{"line":4,"column":0},"end":{"line":4,"column":52}},"4":{"start":{"line":8,"column":7},"end":{"line":32,"column":null}},"5":{"start":{"line":8,"column":13},"end":{"line":8,"column":24}},"6":{"start":{"line":11,"column":4},"end":{"line":11,"column":null}},"7":{"start":{"line":15,"column":4},"end":{"line":15,"column":null}},"8":{"start":{"line":19,"column":4},"end":{"line":19,"column":null}},"9":{"start":{"line":23,"column":4},"end":{"line":23,"column":null}},"10":{"start":{"line":27,"column":4},"end":{"line":27,"column":null}},"11":{"start":{"line":25,"column":17},"end":{"line":25,"column":26}},"12":{"start":{"line":26,"column":21},"end":{"line":26,"column":28}},"13":{"start":{"line":26,"column":43},"end":{"line":26,"column":63}},"14":{"start":{"line":31,"column":4},"end":{"line":31,"column":null}},"15":{"start":{"line":29,"column":17},"end":{"line":29,"column":23}},"16":{"start":{"line":30,"column":21},"end":{"line":30,"column":27}},"17":{"start":{"line":30,"column":39},"end":{"line":30,"column":58}},"18":{"start":{"line":8,"column":13},"end":{"line":32,"column":null}}},"fnMap":{"0":{"name":"(anonymous_2)","decl":{"start":{"line":25,"column":11},"end":{"line":25,"column":14}},"loc":{"start":{"line":25,"column":17},"end":{"line":25,"column":26}}},"1":{"name":"(anonymous_3)","decl":{"start":{"line":26,"column":16},"end":{"line":26,"column":18}},"loc":{"start":{"line":26,"column":21},"end":{"line":26,"column":28}}},"2":{"name":"(anonymous_4)","decl":{"start":{"line":26,"column":30},"end":{"line":26,"column":31}},"loc":{"start":{"line":26,"column":43},"end":{"line":26,"column":63}}},"3":{"name":"(anonymous_5)","decl":{"start":{"line":29,"column":11},"end":{"line":29,"column":14}},"loc":{"start":{"line":29,"column":17},"end":{"line":29,"column":23}}},"4":{"name":"(anonymous_6)","decl":{"start":{"line":30,"column":15},"end":{"line":30,"column":18}},"loc":{"start":{"line":30,"column":21},"end":{"line":30,"column":27}}},"5":{"name":"(anonymous_7)","decl":{"start":{"line":30,"column":29},"end":{"line":30,"column":35}},"loc":{"start":{"line":30,"column":39},"end":{"line":30,"column":58}}}},"branchMap":{},"s":{"0":17,"1":17,"2":17,"3":17,"4":17,"5":17,"6":17,"7":17,"8":17,"9":17,"10":17,"11":0,"12":0,"13":0,"14":17,"15":0,"16":0,"17":0,"18":17},"f":{"0":0,"1":0,"2":0,"3":0,"4":0,"5":0},"b":{}}
,"C:\\Users\\Usuario\\Documents\\MISOProyectos\\CuartoSemestre\\Métricas y calidad\\Entrega\\MISW4403_202414_E15\\src\\shared\\errors\\business-errors.ts": {"path":"C:\\Users\\Usuario\\Documents\\MISOProyectos\\CuartoSemestre\\Métricas y calidad\\Entrega\\MISW4403_202414_E15\\src\\shared\\errors\\business-errors.ts","statementMap":{"0":{"start":{"line":1,"column":0},"end":{"line":1,"column":59}},"1":{"start":{"line":5,"column":4},"end":{"line":5,"column":27}},"2":{"start":{"line":3,"column":0},"end":{"line":3,"column":13}}},"fnMap":{"0":{"name":"(anonymous_0)","decl":{"start":{"line":4,"column":2},"end":{"line":4,"column":14}},"loc":{"start":{"line":4,"column":49},"end":{"line":6,"column":3}}}},"branchMap":{},"s":{"0":17,"1":34,"2":17},"f":{"0":34},"b":{}}
,"C:\\Users\\Usuario\\Documents\\MISOProyectos\\CuartoSemestre\\Métricas y calidad\\Entrega\\MISW4403_202414_E15\\src\\shared\\security\\constants.ts": {"path":"C:\\Users\\Usuario\\Documents\\MISOProyectos\\CuartoSemestre\\Métricas y calidad\\Entrega\\MISW4403_202414_E15\\src\\shared\\security\\constants.ts","statementMap":{"0":{"start":{"line":1,"column":21},"end":{"line":4,"column":null}},"1":{"start":{"line":6,"column":0},"end":{"line":6,"column":28}}},"fnMap":{},"branchMap":{},"s":{"0":4,"1":4},"f":{},"b":{}}
,"C:\\Users\\Usuario\\Documents\\MISOProyectos\\CuartoSemestre\\Métricas y calidad\\Entrega\\MISW4403_202414_E15\\src\\user\\role.enum.ts": {"path":"C:\\Users\\Usuario\\Documents\\MISOProyectos\\CuartoSemestre\\Métricas y calidad\\Entrega\\MISW4403_202414_E15\\src\\user\\role.enum.ts","statementMap":{"0":{"start":{"line":1,"column":0},"end":{"line":1,"column":null}},"1":{"start":{"line":2,"column":4},"end":{"line":2,"column":null}},"2":{"start":{"line":3,"column":4},"end":{"line":3,"column":null}},"3":{"start":{"line":4,"column":4},"end":{"line":4,"column":null}},"4":{"start":{"line":5,"column":4},"end":{"line":5,"column":null}},"5":{"start":{"line":6,"column":4},"end":{"line":6,"column":null}},"6":{"start":{"line":7,"column":4},"end":{"line":7,"column":null}}},"fnMap":{"0":{"name":"(anonymous_0)","decl":{"start":{"line":1,"column":0},"end":{"line":1,"column":12}},"loc":{"start":{"line":1,"column":16},"end":{"line":8,"column":1}}}},"branchMap":{"0":{"loc":{"start":{"line":1,"column":12},"end":{"line":1,"column":null}},"type":"binary-expr","locations":[{"start":{"line":1,"column":12},"end":{"line":1,"column":16}},{"start":{"line":1,"column":16},"end":{"line":1,"column":null}}]}},"s":{"0":5,"1":5,"2":5,"3":5,"4":5,"5":5,"6":5},"f":{"0":5},"b":{"0":[5,5]}}
,"C:\\Users\\Usuario\\Documents\\MISOProyectos\\CuartoSemestre\\Métricas y calidad\\Entrega\\MISW4403_202414_E15\\src\\user\\roles.decorator.ts": {"path":"C:\\Users\\Usuario\\Documents\\MISOProyectos\\CuartoSemestre\\Métricas y calidad\\Entrega\\MISW4403_202414_E15\\src\\user\\roles.decorator.ts","statementMap":{"0":{"start":{"line":1,"column":0},"end":{"line":1,"column":45}},"1":{"start":{"line":4,"column":21},"end":{"line":4,"column":70}},"2":{"start":{"line":4,"column":43},"end":{"line":4,"column":70}},"3":{"start":{"line":4,"column":13},"end":{"line":4,"column":21}}},"fnMap":{"0":{"name":"(anonymous_0)","decl":{"start":{"line":4,"column":21},"end":{"line":4,"column":22}},"loc":{"start":{"line":4,"column":43},"end":{"line":4,"column":70}}}},"branchMap":{},"s":{"0":5,"1":5,"2":54,"3":5},"f":{"0":54},"b":{}}
,"C:\\Users\\Usuario\\Documents\\MISOProyectos\\CuartoSemestre\\Métricas y calidad\\Entrega\\MISW4403_202414_E15\\src\\user\\user.controller.ts": {"path":"C:\\Users\\Usuario\\Documents\\MISOProyectos\\CuartoSemestre\\Métricas y calidad\\Entrega\\MISW4403_202414_E15\\src\\user\\user.controller.ts","statementMap":{"0":{"start":{"line":1,"column":0},"end":{"line":1,"column":66}},"1":{"start":{"line":2,"column":0},"end":{"line":2,"column":51}},"2":{"start":{"line":3,"column":0},"end":{"line":3,"column":76}},"3":{"start":{"line":6,"column":7},"end":{"line":14,"column":null}},"4":{"start":{"line":8,"column":33},"end":{"line":8,"column":46}},"5":{"start":{"line":12,"column":8},"end":{"line":12,"column":43}},"6":{"start":{"line":6,"column":13},"end":{"line":6,"column":27}},"7":{"start":{"line":11,"column":10},"end":{"line":13,"column":null}},"8":{"start":{"line":6,"column":13},"end":{"line":14,"column":null}}},"fnMap":{"0":{"name":"(anonymous_4)","decl":{"start":{"line":8,"column":4},"end":{"line":8,"column":33}},"loc":{"start":{"line":8,"column":57},"end":{"line":8,"column":60}}},"1":{"name":"(anonymous_5)","decl":{"start":{"line":11,"column":4},"end":{"line":11,"column":9}},"loc":{"start":{"line":11,"column":26},"end":{"line":13,"column":5}}}},"branchMap":{},"s":{"0":1,"1":1,"2":1,"3":1,"4":2,"5":1,"6":1,"7":1,"8":1},"f":{"0":2,"1":1},"b":{}}
,"C:\\Users\\Usuario\\Documents\\MISOProyectos\\CuartoSemestre\\Métricas y calidad\\Entrega\\MISW4403_202414_E15\\src\\user\\user.module.ts": {"path":"C:\\Users\\Usuario\\Documents\\MISOProyectos\\CuartoSemestre\\Métricas y calidad\\Entrega\\MISW4403_202414_E15\\src\\user\\user.module.ts","statementMap":{"0":{"start":{"line":1,"column":0},"end":{"line":1,"column":40}},"1":{"start":{"line":2,"column":0},"end":{"line":2,"column":45}},"2":{"start":{"line":3,"column":0},"end":{"line":3,"column":51}},"3":{"start":{"line":4,"column":0},"end":{"line":4,"column":41}},"4":{"start":{"line":5,"column":0},"end":{"line":5,"column":51}},"5":{"start":{"line":11,"column":7},"end":{"line":11,"column":null}},"6":{"start":{"line":11,"column":13},"end":{"line":11,"column":23}},"7":{"start":{"line":11,"column":13},"end":{"line":11,"column":null}}},"fnMap":{},"branchMap":{},"s":{"0":0,"1":0,"2":0,"3":0,"4":0,"5":0,"6":0,"7":0},"f":{},"b":{}}
,"C:\\Users\\Usuario\\Documents\\MISOProyectos\\CuartoSemestre\\Métricas y calidad\\Entrega\\MISW4403_202414_E15\\src\\user\\user.service.ts": {"path":"C:\\Users\\Usuario\\Documents\\MISOProyectos\\CuartoSemestre\\Métricas y calidad\\Entrega\\MISW4403_202414_E15\\src\\user\\user.service.ts","statementMap":{"0":{"start":{"line":1,"column":0},"end":{"line":1,"column":44}},"1":{"start":{"line":2,"column":0},"end":{"line":2,"column":35}},"2":{"start":{"line":5,"column":7},"end":{"line":18,"column":null}},"3":{"start":{"line":6,"column":12},"end":{"line":13,"column":6}},"4":{"start":{"line":16,"column":8},"end":{"line":16,"column":67}},"5":{"start":{"line":16,"column":39},"end":{"line":16,"column":65}},"6":{"start":{"line":5,"column":13},"end":{"line":5,"column":24}},"7":{"start":{"line":5,"column":13},"end":{"line":18,"column":null}}},"fnMap":{"0":{"name":"(anonymous_1)","decl":{"start":{"line":5,"column":7},"end":{"line":5,"column":13}},"loc":{"start":{"line":5,"column":7},"end":{"line":18,"column":1}}},"1":{"name":"(anonymous_2)","decl":{"start":{"line":15,"column":4},"end":{"line":15,"column":9}},"loc":{"start":{"line":15,"column":34},"end":{"line":17,"column":5}}},"2":{"name":"(anonymous_3)","decl":{"start":{"line":16,"column":31},"end":{"line":16,"column":35}},"loc":{"start":{"line":16,"column":39},"end":{"line":16,"column":65}}}},"branchMap":{},"s":{"0":4,"1":4,"2":4,"3":4,"4":3,"5":12,"6":4,"7":4},"f":{"0":4,"1":3,"2":12},"b":{}}
,"C:\\Users\\Usuario\\Documents\\MISOProyectos\\CuartoSemestre\\Métricas y calidad\\Entrega\\MISW4403_202414_E15\\src\\user\\user\\user.ts": {"path":"C:\\Users\\Usuario\\Documents\\MISOProyectos\\CuartoSemestre\\Métricas y calidad\\Entrega\\MISW4403_202414_E15\\src\\user\\user\\user.ts","statementMap":{"0":{"start":{"line":8,"column":8},"end":{"line":8,"column":21}},"1":{"start":{"line":9,"column":8},"end":{"line":9,"column":33}},"2":{"start":{"line":10,"column":8},"end":{"line":10,"column":33}},"3":{"start":{"line":11,"column":8},"end":{"line":11,"column":27}},"4":{"start":{"line":1,"column":0},"end":{"line":1,"column":13}}},"fnMap":{"0":{"name":"(anonymous_0)","decl":{"start":{"line":7,"column":4},"end":{"line":7,"column":16}},"loc":{"start":{"line":7,"column":79},"end":{"line":12,"column":5}}}},"branchMap":{},"s":{"0":24,"1":24,"2":24,"3":24,"4":4},"f":{"0":24},"b":{}}
}
