TN:
SF:src\app.controller.ts
FN:6,(anonymous_2)
FN:9,(anonymous_3)
FNF:2
FNH:0
FNDA:0,(anonymous_2)
FNDA:0,(anonymous_3)
DA:1,0
DA:2,0
DA:5,0
DA:6,0
DA:9,0
DA:10,0
LF:6
LH:0
BRF:0
BRH:0
end_of_record
TN:
SF:src\app.module.ts
FN:36,(anonymous_1)
FNF:1
FNH:0
FNDA:0,(anonymous_1)
DA:1,0
DA:2,0
DA:3,0
DA:4,0
DA:5,0
DA:6,0
DA:7,0
DA:8,0
DA:9,0
DA:10,0
DA:11,0
DA:12,0
DA:13,0
DA:14,0
DA:15,0
DA:16,0
DA:17,0
DA:18,0
DA:19,0
DA:36,0
DA:62,0
LF:21
LH:0
BRF:0
BRH:0
end_of_record
TN:
SF:src\app.service.ts
FN:5,(anonymous_1)
FNF:1
FNH:0
FNDA:0,(anonymous_1)
DA:1,0
DA:4,0
DA:6,0
LF:3
LH:0
BRF:0
BRH:0
end_of_record
TN:
SF:src\main.ts
FN:5,bootstrap
FNF:1
FNH:0
FNDA:0,bootstrap
DA:1,0
DA:2,0
DA:3,0
DA:6,0
DA:7,0
DA:13,0
DA:17,0
DA:19,0
LF:8
LH:0
BRF:0
BRH:0
end_of_record
TN:
SF:src\auth\auth.module.ts
FNF:0
FNH:0
DA:1,0
DA:2,0
DA:3,0
DA:4,0
DA:5,0
DA:6,0
DA:7,0
DA:8,0
DA:9,0
DA:10,0
DA:25,0
LF:11
LH:0
BRF:0
BRH:0
end_of_record
TN:
SF:src\auth\auth.service.ts
FN:9,(anonymous_2)
FN:14,(anonymous_3)
FN:23,(anonymous_4)
FNF:3
FNH:3
FNDA:4,(anonymous_2)
FNDA:2,(anonymous_3)
FNDA:1,(anonymous_4)
DA:1,3
DA:2,3
DA:3,3
DA:4,3
DA:8,3
DA:10,4
DA:11,4
DA:15,2
DA:16,2
DA:17,1
DA:18,1
DA:20,1
DA:24,1
DA:25,1
LF:14
LH:14
BRDA:16,0,0,1
BRDA:16,1,0,2
BRDA:16,1,1,1
BRF:3
BRH:3
end_of_record
TN:
SF:src\auth\guards\roles.guard.ts
FN:7,(anonymous_2)
FN:9,(anonymous_3)
FN:24,(anonymous_4)
FN:24,(anonymous_5)
FNF:4
FNH:1
FNDA:61,(anonymous_2)
FNDA:0,(anonymous_3)
FNDA:0,(anonymous_4)
FNDA:0,(anonymous_5)
DA:1,5
DA:2,5
DA:6,5
DA:7,61
DA:10,0
DA:11,0
DA:12,0
DA:15,0
DA:16,0
DA:18,0
DA:20,0
DA:21,0
DA:24,0
DA:25,0
DA:26,0
DA:29,0
LF:16
LH:4
BRDA:11,0,0,0
BRDA:20,1,0,0
BRDA:25,2,0,0
BRF:3
BRH:0
end_of_record
TN:
SF:src\auth\guards\jwt-auth\jwt-auth.guard.ts
FNF:0
FNH:0
DA:1,5
DA:2,5
DA:5,5
LF:3
LH:3
BRF:0
BRH:0
end_of_record
TN:
SF:src\auth\guards\local-auth\local-auth.guard.ts
FNF:0
FNH:0
DA:1,1
DA:2,1
DA:5,1
LF:3
LH:3
BRF:0
BRH:0
end_of_record
TN:
SF:src\auth\strategies\jwt-strategy.ts
FN:8,(anonymous_2)
FN:16,(anonymous_3)
FNF:2
FNH:2
FNDA:2,(anonymous_2)
FNDA:1,(anonymous_3)
DA:1,1
DA:2,1
DA:3,1
DA:4,1
DA:7,1
DA:9,2
DA:17,1
LF:7
LH:7
BRF:0
BRH:0
end_of_record
TN:
SF:src\auth\strategies\local-strategy.ts
FN:8,(anonymous_2)
FN:12,(anonymous_3)
FNF:2
FNH:2
FNDA:3,(anonymous_2)
FNDA:2,(anonymous_3)
DA:1,1
DA:2,1
DA:3,1
DA:4,1
DA:7,1
DA:8,3
DA:9,3
DA:13,2
DA:14,2
DA:15,1
DA:17,1
LF:11
LH:11
BRDA:14,0,0,1
BRF:1
BRH:1
end_of_record
TN:
SF:src\categorias\categorias.controller.ts
FN:12,(anonymous_4)
FN:17,(anonymous_5)
FN:24,(anonymous_6)
FN:31,(anonymous_7)
FN:38,(anonymous_8)
FN:45,(anonymous_9)
FNF:6
FNH:0
FNDA:0,(anonymous_4)
FNDA:0,(anonymous_5)
FNDA:0,(anonymous_6)
FNDA:0,(anonymous_7)
FNDA:0,(anonymous_8)
FNDA:0,(anonymous_9)
DA:1,0
DA:2,0
DA:3,0
DA:4,0
DA:5,0
DA:6,0
DA:7,0
DA:8,0
DA:11,0
DA:12,0
DA:17,0
DA:18,0
DA:24,0
DA:25,0
DA:31,0
DA:32,0
DA:38,0
DA:39,0
DA:45,0
DA:46,0
LF:20
LH:0
BRF:0
BRH:0
end_of_record
TN:
SF:src\categorias\categorias.module.ts
FNF:0
FNH:0
DA:1,0
DA:2,0
DA:3,0
DA:4,0
DA:5,0
DA:6,0
DA:13,0
LF:7
LH:0
BRF:0
BRH:0
end_of_record
TN:
SF:src\categorias\categorias.resolver.ts
FN:10,(anonymous_4)
FN:13,(anonymous_5)
FN:18,(anonymous_6)
FN:24,(anonymous_7)
FN:30,(anonymous_8)
FN:36,(anonymous_9)
FN:12,(anonymous_10)
FN:17,(anonymous_11)
FN:23,(anonymous_12)
FN:29,(anonymous_13)
FN:35,(anonymous_14)
FNF:11
FNH:6
FNDA:6,(anonymous_4)
FNDA:1,(anonymous_5)
FNDA:1,(anonymous_6)
FNDA:1,(anonymous_7)
FNDA:1,(anonymous_8)
FNDA:1,(anonymous_9)
FNDA:0,(anonymous_10)
FNDA:0,(anonymous_11)
FNDA:0,(anonymous_12)
FNDA:0,(anonymous_13)
FNDA:0,(anonymous_14)
DA:1,1
DA:2,1
DA:3,1
DA:4,1
DA:5,1
DA:6,1
DA:9,1
DA:10,6
DA:12,0
DA:13,1
DA:14,1
DA:17,0
DA:18,1
DA:19,1
DA:23,0
DA:24,1
DA:25,1
DA:26,1
DA:29,0
DA:30,1
DA:31,1
DA:32,1
DA:35,0
DA:36,1
DA:37,1
DA:38,1
LF:26
LH:21
BRF:0
BRH:0
end_of_record
TN:
SF:src\categorias\categorias.service.ts
FN:15,(anonymous_4)
FN:22,(anonymous_5)
FN:26,(anonymous_6)
FN:42,(anonymous_7)
FN:50,(anonymous_8)
FN:60,(anonymous_9)
FNF:6
FNH:6
FNDA:10,(anonymous_4)
FNDA:2,(anonymous_5)
FNDA:1,(anonymous_6)
FNDA:2,(anonymous_7)
FNDA:2,(anonymous_8)
FNDA:3,(anonymous_9)
DA:1,2
DA:4,2
DA:5,2
DA:6,2
DA:7,2
DA:8,2
DA:12,2
DA:13,10
DA:17,10
DA:20,10
DA:23,2
DA:28,1
DA:29,1
DA:31,1
DA:32,1
DA:33,1
DA:34,1
DA:36,0
DA:38,0
DA:43,2
DA:44,2
DA:45,1
DA:47,1
DA:51,2
DA:52,2
DA:53,1
DA:54,1
DA:55,1
DA:57,1
DA:61,3
DA:65,3
DA:66,1
DA:68,2
DA:69,1
DA:71,1
LF:35
LH:33
BRDA:31,0,0,1
BRDA:44,1,0,1
BRDA:52,2,0,1
BRDA:54,3,0,1
BRDA:54,3,1,0
BRDA:55,4,0,1
BRDA:55,4,1,0
BRDA:65,5,0,1
BRDA:68,6,0,1
BRF:9
BRH:7
end_of_record
TN:
SF:src\categorias\dto\create-categoria.dto.ts
FNF:0
FNH:0
DA:1,1
DA:2,1
DA:5,1
DA:9,1
DA:13,1
LF:5
LH:5
BRF:0
BRH:0
end_of_record
TN:
SF:src\categorias\dto\update-categoria.dto.ts
FNF:0
FNH:0
DA:1,1
DA:2,1
DA:5,1
DA:9,1
DA:14,1
LF:5
LH:5
BRF:0
BRH:0
end_of_record
TN:
SF:src\categorias\entities\categoria.entity.ts
FN:20,(anonymous_2)
FN:21,(anonymous_3)
FN:21,(anonymous_4)
FNF:3
FNH:0
FNDA:0,(anonymous_2)
FNDA:0,(anonymous_3)
FNDA:0,(anonymous_4)
DA:1,17
DA:2,17
DA:3,17
DA:7,17
DA:10,17
DA:14,17
DA:18,17
DA:20,0
DA:21,0
DA:22,17
LF:10
LH:8
BRF:0
BRH:0
end_of_record
TN:
SF:src\ciudades\ciudades.controller.ts
FN:12,(anonymous_4)
FN:17,(anonymous_5)
FN:24,(anonymous_6)
FN:31,(anonymous_7)
FN:38,(anonymous_8)
FN:47,(anonymous_9)
FN:54,(anonymous_10)
FN:71,(anonymous_11)
FN:89,(anonymous_12)
FNF:9
FNH:9
FNDA:14,(anonymous_4)
FNDA:1,(anonymous_5)
FNDA:1,(anonymous_6)
FNDA:2,(anonymous_7)
FNDA:2,(anonymous_8)
FNDA:2,(anonymous_9)
FNDA:3,(anonymous_10)
FNDA:3,(anonymous_11)
FNDA:2,(anonymous_12)
DA:1,1
DA:2,1
DA:3,1
DA:4,1
DA:5,1
DA:6,1
DA:7,1
DA:8,1
DA:11,1
DA:12,14
DA:17,1
DA:18,1
DA:24,1
DA:25,1
DA:31,1
DA:32,2
DA:38,1
DA:41,2
DA:47,1
DA:48,2
DA:54,1
DA:58,3
DA:59,3
DA:61,2
DA:62,2
DA:64,0
DA:71,1
DA:75,3
DA:76,3
DA:77,1
DA:79,2
DA:80,2
DA:82,0
DA:89,1
DA:92,2
LF:35
LH:33
BRDA:61,0,0,2
BRDA:79,1,0,2
BRF:2
BRH:2
end_of_record
TN:
SF:src\ciudades\ciudades.module.ts
FNF:0
FNH:0
DA:1,0
DA:2,0
DA:3,0
DA:4,0
DA:5,0
DA:6,0
DA:7,0
DA:8,0
DA:15,0
LF:9
LH:0
BRF:0
BRH:0
end_of_record
TN:
SF:src\ciudades\ciudades.resolver.ts
FN:10,(anonymous_4)
FN:13,(anonymous_5)
FN:18,(anonymous_6)
FN:23,(anonymous_7)
FN:28,(anonymous_8)
FN:33,(anonymous_9)
FN:41,(anonymous_10)
FN:46,(anonymous_11)
FN:54,(anonymous_12)
FN:12,(anonymous_13)
FN:17,(anonymous_14)
FN:22,(anonymous_15)
FN:27,(anonymous_16)
FN:32,(anonymous_17)
FN:40,(anonymous_18)
FN:45,(anonymous_19)
FN:53,(anonymous_20)
FNF:17
FNH:0
FNDA:0,(anonymous_4)
FNDA:0,(anonymous_5)
FNDA:0,(anonymous_6)
FNDA:0,(anonymous_7)
FNDA:0,(anonymous_8)
FNDA:0,(anonymous_9)
FNDA:0,(anonymous_10)
FNDA:0,(anonymous_11)
FNDA:0,(anonymous_12)
FNDA:0,(anonymous_13)
FNDA:0,(anonymous_14)
FNDA:0,(anonymous_15)
FNDA:0,(anonymous_16)
FNDA:0,(anonymous_17)
FNDA:0,(anonymous_18)
FNDA:0,(anonymous_19)
FNDA:0,(anonymous_20)
DA:1,0
DA:2,0
DA:3,0
DA:4,0
DA:8,0
DA:10,0
DA:12,0
DA:13,0
DA:14,0
DA:17,0
DA:18,0
DA:19,0
DA:22,0
DA:23,0
DA:24,0
DA:27,0
DA:28,0
DA:29,0
DA:32,0
DA:33,0
DA:34,0
DA:35,0
DA:40,0
DA:41,0
DA:42,0
DA:45,0
DA:46,0
DA:50,0
DA:53,0
DA:54,0
DA:57,0
DA:58,0
LF:32
LH:0
BRF:0
BRH:0
end_of_record
TN:
SF:src\ciudades\ciudades.service.ts
FN:18,(anonymous_4)
FN:29,(anonymous_5)
FN:39,(anonymous_6)
FN:54,(anonymous_7)
FN:66,(anonymous_8)
FN:82,(anonymous_9)
FN:92,(anonymous_10)
FN:108,(anonymous_11)
FN:116,(anonymous_12)
FN:127,(anonymous_13)
FN:137,(anonymous_14)
FNF:11
FNH:11
FNDA:30,(anonymous_4)
FNDA:2,(anonymous_5)
FNDA:2,(anonymous_6)
FNDA:2,(anonymous_7)
FNDA:3,(anonymous_8)
FNDA:2,(anonymous_9)
FNDA:9,(anonymous_10)
FNDA:1,(anonymous_11)
FNDA:6,(anonymous_12)
FNDA:3,(anonymous_13)
FNDA:4,(anonymous_14)
DA:1,2
DA:4,2
DA:5,2
DA:6,2
DA:7,2
DA:8,2
DA:9,2
DA:13,2
DA:15,30
DA:16,30
DA:20,30
DA:23,30
DA:26,30
DA:30,2
DA:31,2
DA:32,2
DA:33,1
DA:35,1
DA:40,2
DA:41,2
DA:43,2
DA:44,2
DA:45,1
DA:46,1
DA:48,0
DA:50,1
DA:55,2
DA:60,2
DA:61,1
DA:63,1
DA:67,3
DA:71,3
DA:72,1
DA:74,2
DA:76,2
DA:77,1
DA:79,1
DA:83,2
DA:84,2
DA:85,2
DA:86,1
DA:88,1
DA:93,9
DA:97,9
DA:98,2
DA:101,7
DA:104,7
DA:105,3
DA:108,4
DA:109,1
DA:112,3
DA:113,3
DA:117,6
DA:122,6
DA:123,2
DA:126,4
DA:127,3
DA:130,4
DA:131,2
DA:133,2
DA:134,2
DA:138,4
DA:143,4
DA:144,2
DA:146,2
LF:65
LH:64
BRDA:43,0,0,2
BRDA:60,1,0,1
BRDA:71,2,0,1
BRDA:97,3,0,2
BRDA:104,4,0,3
BRDA:108,5,0,1
BRDA:122,6,0,2
BRDA:130,7,0,2
BRDA:143,8,0,2
BRF:9
BRH:9
end_of_record
TN:
SF:src\ciudades\dto\create-ciudad.dto.ts
FNF:0
FNH:0
DA:1,1
DA:2,1
DA:5,1
DA:9,1
LF:4
LH:4
BRF:0
BRH:0
end_of_record
TN:
SF:src\ciudades\dto\update-ciudad.dto.ts
FNF:0
FNH:0
DA:1,1
DA:2,1
DA:3,1
DA:6,1
LF:4
LH:4
BRF:0
BRH:0
end_of_record
TN:
SF:src\ciudades\entities\ciudad.entity.ts
FN:17,(anonymous_2)
FN:18,(anonymous_3)
FN:18,(anonymous_4)
FN:21,(anonymous_5)
FN:22,(anonymous_6)
FN:22,(anonymous_7)
FNF:6
FNH:0
FNDA:0,(anonymous_2)
FNDA:0,(anonymous_3)
FNDA:0,(anonymous_4)
FNDA:0,(anonymous_5)
FNDA:0,(anonymous_6)
FNDA:0,(anonymous_7)
DA:1,17
DA:2,17
DA:3,17
DA:4,17
DA:8,17
DA:11,17
DA:15,17
DA:17,0
DA:18,0
DA:19,17
DA:21,0
DA:22,0
DA:23,17
LF:13
LH:9
BRF:0
BRH:0
end_of_record
TN:
SF:src\culturas\culturas.controller.ts
FN:21,(anonymous_4)
FN:26,(anonymous_5)
FN:33,(anonymous_6)
FN:40,(anonymous_7)
FN:47,(anonymous_8)
FN:54,(anonymous_9)
FN:64,(anonymous_10)
FN:74,(anonymous_11)
FN:83,(anonymous_12)
FN:95,(anonymous_13)
FN:108,(anonymous_14)
FN:118,(anonymous_15)
FN:128,(anonymous_16)
FN:137,(anonymous_17)
FN:147,(anonymous_18)
FN:158,(anonymous_19)
FN:165,(anonymous_20)
FN:172,(anonymous_21)
FN:179,(anonymous_22)
FN:188,(anonymous_23)
FNF:20
FNH:19
FNDA:20,(anonymous_4)
FNDA:1,(anonymous_5)
FNDA:1,(anonymous_6)
FNDA:1,(anonymous_7)
FNDA:1,(anonymous_8)
FNDA:1,(anonymous_9)
FNDA:1,(anonymous_10)
FNDA:1,(anonymous_11)
FNDA:1,(anonymous_12)
FNDA:1,(anonymous_13)
FNDA:0,(anonymous_14)
FNDA:1,(anonymous_15)
FNDA:1,(anonymous_16)
FNDA:2,(anonymous_17)
FNDA:1,(anonymous_18)
FNDA:1,(anonymous_19)
FNDA:1,(anonymous_20)
FNDA:1,(anonymous_21)
FNDA:1,(anonymous_22)
FNDA:1,(anonymous_23)
DA:1,1
DA:2,1
DA:3,1
DA:4,1
DA:5,1
DA:6,1
DA:7,1
DA:8,1
DA:10,1
DA:11,1
DA:14,1
DA:15,1
DA:16,1
DA:17,1
DA:20,1
DA:21,20
DA:26,1
DA:27,1
DA:33,1
DA:34,1
DA:40,1
DA:41,1
DA:47,1
DA:48,1
DA:54,1
DA:55,1
DA:56,1
DA:64,1
DA:68,1
DA:74,1
DA:77,1
DA:83,1
DA:87,1
DA:88,1
DA:95,1
DA:100,1
DA:101,1
DA:108,1
DA:112,0
DA:118,1
DA:122,1
DA:128,1
DA:131,1
DA:137,1
DA:141,2
DA:147,1
DA:150,1
DA:151,1
DA:158,1
DA:159,1
DA:165,1
DA:166,1
DA:172,1
DA:173,1
DA:179,1
DA:180,1
DA:181,1
DA:188,1
DA:189,1
LF:59
LH:58
BRF:0
BRH:0
end_of_record
TN:
SF:src\culturas\culturas.module.ts
FNF:0
FNH:0
DA:1,0
DA:2,0
DA:3,0
DA:4,0
DA:5,0
DA:6,0
DA:7,0
DA:8,0
DA:9,0
DA:10,0
DA:20,0
LF:11
LH:0
BRF:0
BRH:0
end_of_record
TN:
SF:src\culturas\culturas.resolver.ts
FN:10,(anonymous_4)
FN:13,(anonymous_5)
FN:18,(anonymous_6)
FN:23,(anonymous_7)
FN:28,(anonymous_8)
FN:33,(anonymous_9)
FN:40,(anonymous_10)
FN:45,(anonymous_11)
FN:53,(anonymous_12)
FN:61,(anonymous_13)
FN:69,(anonymous_14)
FN:74,(anonymous_15)
FN:80,(anonymous_16)
FN:85,(anonymous_17)
FN:90,(anonymous_18)
FN:95,(anonymous_19)
FN:103,(anonymous_20)
FN:108,(anonymous_21)
FN:113,(anonymous_22)
FN:118,(anonymous_23)
FN:12,(anonymous_24)
FN:17,(anonymous_25)
FN:22,(anonymous_26)
FN:27,(anonymous_27)
FN:32,(anonymous_28)
FN:39,(anonymous_29)
FN:40,(anonymous_30)
FN:44,(anonymous_31)
FN:47,(anonymous_32)
FN:52,(anonymous_33)
FN:60,(anonymous_34)
FN:68,(anonymous_35)
FN:79,(anonymous_36)
FN:80,(anonymous_37)
FN:84,(anonymous_38)
FN:85,(anonymous_39)
FN:89,(anonymous_40)
FN:94,(anonymous_41)
FN:102,(anonymous_42)
FN:103,(anonymous_43)
FN:107,(anonymous_44)
FN:108,(anonymous_45)
FN:112,(anonymous_46)
FN:117,(anonymous_47)
FN:8,(anonymous_48)
FNF:45
FNH:18
FNDA:17,(anonymous_4)
FNDA:1,(anonymous_5)
FNDA:1,(anonymous_6)
FNDA:1,(anonymous_7)
FNDA:1,(anonymous_8)
FNDA:1,(anonymous_9)
FNDA:1,(anonymous_10)
FNDA:1,(anonymous_11)
FNDA:1,(anonymous_12)
FNDA:0,(anonymous_13)
FNDA:0,(anonymous_14)
FNDA:0,(anonymous_15)
FNDA:1,(anonymous_16)
FNDA:1,(anonymous_17)
FNDA:1,(anonymous_18)
FNDA:1,(anonymous_19)
FNDA:1,(anonymous_20)
FNDA:1,(anonymous_21)
FNDA:1,(anonymous_22)
FNDA:1,(anonymous_23)
FNDA:0,(anonymous_24)
FNDA:0,(anonymous_25)
FNDA:0,(anonymous_26)
FNDA:0,(anonymous_27)
FNDA:0,(anonymous_28)
FNDA:0,(anonymous_29)
FNDA:0,(anonymous_30)
FNDA:0,(anonymous_31)
FNDA:0,(anonymous_32)
FNDA:0,(anonymous_33)
FNDA:0,(anonymous_34)
FNDA:0,(anonymous_35)
FNDA:0,(anonymous_36)
FNDA:0,(anonymous_37)
FNDA:0,(anonymous_38)
FNDA:0,(anonymous_39)
FNDA:0,(anonymous_40)
FNDA:0,(anonymous_41)
FNDA:0,(anonymous_42)
FNDA:0,(anonymous_43)
FNDA:0,(anonymous_44)
FNDA:0,(anonymous_45)
FNDA:0,(anonymous_46)
FNDA:0,(anonymous_47)
FNDA:2,(anonymous_48)
DA:1,1
DA:2,1
DA:3,1
DA:4,1
DA:5,1
DA:6,1
DA:8,2
DA:9,1
DA:10,17
DA:12,0
DA:13,1
DA:14,1
DA:17,0
DA:18,1
DA:19,1
DA:22,0
DA:23,1
DA:24,1
DA:27,0
DA:28,1
DA:29,1
DA:32,0
DA:33,1
DA:34,1
DA:35,1
DA:39,0
DA:40,1
DA:41,1
DA:44,0
DA:45,1
DA:47,0
DA:49,1
DA:52,0
DA:53,1
DA:57,1
DA:60,0
DA:61,1
DA:64,0
DA:65,0
DA:68,0
DA:69,1
DA:73,0
DA:74,0
DA:79,0
DA:80,1
DA:81,1
DA:84,0
DA:85,1
DA:86,1
DA:89,0
DA:90,1
DA:91,1
DA:94,0
DA:95,1
DA:96,1
DA:97,1
DA:102,0
DA:103,1
DA:104,1
DA:107,0
DA:108,1
DA:109,1
DA:112,0
DA:113,1
DA:114,1
DA:117,0
DA:118,1
DA:119,1
DA:120,1
LF:69
LH:46
BRF:0
BRH:0
end_of_record
TN:
SF:src\culturas\culturas.service.ts
FN:22,(anonymous_4)
FN:42,(anonymous_5)
FN:53,(anonymous_6)
FN:70,(anonymous_7)
FN:78,(anonymous_8)
FN:97,(anonymous_9)
FN:120,(anonymous_10)
FN:132,(anonymous_11)
FN:138,(anonymous_12)
FN:142,(anonymous_13)
FN:143,(anonymous_14)
FN:143,(anonymous_15)
FN:149,(anonymous_16)
FN:158,(anonymous_17)
FN:162,(anonymous_18)
FN:173,(anonymous_19)
FN:190,(anonymous_20)
FN:203,(anonymous_21)
FN:212,(anonymous_22)
FN:220,(anonymous_23)
FN:229,(anonymous_24)
FN:239,(anonymous_25)
FN:247,(anonymous_26)
FN:260,(anonymous_27)
FN:268,(anonymous_28)
FN:270,(anonymous_29)
FN:273,(anonymous_30)
FN:282,(anonymous_31)
FN:294,(anonymous_32)
FN:303,(anonymous_33)
FN:312,(anonymous_34)
FN:320,(anonymous_35)
FN:328,(anonymous_36)
FN:349,(anonymous_37)
FN:358,(anonymous_38)
FN:363,(anonymous_39)
FNF:36
FNH:0
FNDA:0,(anonymous_4)
FNDA:0,(anonymous_5)
FNDA:0,(anonymous_6)
FNDA:0,(anonymous_7)
FNDA:0,(anonymous_8)
FNDA:0,(anonymous_9)
FNDA:0,(anonymous_10)
FNDA:0,(anonymous_11)
FNDA:0,(anonymous_12)
FNDA:0,(anonymous_13)
FNDA:0,(anonymous_14)
FNDA:0,(anonymous_15)
FNDA:0,(anonymous_16)
FNDA:0,(anonymous_17)
FNDA:0,(anonymous_18)
FNDA:0,(anonymous_19)
FNDA:0,(anonymous_20)
FNDA:0,(anonymous_21)
FNDA:0,(anonymous_22)
FNDA:0,(anonymous_23)
FNDA:0,(anonymous_24)
FNDA:0,(anonymous_25)
FNDA:0,(anonymous_26)
FNDA:0,(anonymous_27)
FNDA:0,(anonymous_28)
FNDA:0,(anonymous_29)
FNDA:0,(anonymous_30)
FNDA:0,(anonymous_31)
FNDA:0,(anonymous_32)
FNDA:0,(anonymous_33)
FNDA:0,(anonymous_34)
FNDA:0,(anonymous_35)
FNDA:0,(anonymous_36)
FNDA:0,(anonymous_37)
FNDA:0,(anonymous_38)
FNDA:0,(anonymous_39)
DA:1,2
DA:2,2
DA:5,2
DA:6,2
DA:7,2
DA:8,2
DA:9,2
DA:10,2
DA:11,2
DA:12,2
DA:17,2
DA:19,0
DA:20,0
DA:24,0
DA:27,0
DA:30,0
DA:33,0
DA:36,0
DA:39,0
DA:43,0
DA:44,0
DA:45,0
DA:46,0
DA:48,0
DA:49,0
DA:54,0
DA:55,0
DA:57,0
DA:58,0
DA:59,0
DA:60,0
DA:62,0
DA:65,0
DA:66,0
DA:71,0
DA:72,0
DA:73,0
DA:75,0
DA:79,0
DA:84,0
DA:85,0
DA:88,0
DA:89,0
DA:90,0
DA:92,0
DA:93,0
DA:98,0
DA:99,0
DA:100,0
DA:101,0
DA:102,0
DA:104,0
DA:107,0
DA:108,0
DA:110,0
DA:111,0
DA:121,0
DA:122,0
DA:123,0
DA:124,0
DA:125,0
DA:126,0
DA:127,0
DA:133,0
DA:134,0
DA:139,0
DA:140,0
DA:141,0
DA:142,0
DA:143,0
DA:145,0
DA:150,0
DA:152,0
DA:153,0
DA:155,0
DA:156,0
DA:158,0
DA:159,0
DA:163,0
DA:164,0
DA:174,0
DA:175,0
DA:176,0
DA:178,0
DA:179,0
DA:180,0
DA:181,0
DA:191,0
DA:195,0
DA:196,0
DA:198,0
DA:204,0
DA:205,0
DA:206,0
DA:207,0
DA:208,0
DA:213,0
DA:216,0
DA:217,0
DA:220,0
DA:221,0
DA:230,0
DA:231,0
DA:240,0
DA:241,0
DA:242,0
DA:243,0
DA:244,0
DA:248,0
DA:254,0
DA:255,0
DA:257,0
DA:261,0
DA:262,0
DA:263,0
DA:264,0
DA:265,0
DA:269,0
DA:270,0
DA:274,0
DA:275,0
DA:283,0
DA:284,0
DA:285,0
DA:286,0
DA:287,0
DA:290,0
DA:291,0
DA:292,0
DA:294,0
DA:295,0
DA:296,0
DA:299,0
DA:300,0
DA:304,0
DA:305,0
DA:306,0
DA:308,0
DA:309,0
DA:310,0
DA:312,0
DA:314,0
DA:315,0
DA:317,0
DA:321,0
DA:322,0
DA:323,0
DA:325,0
DA:329,0
DA:331,0
DA:332,0
DA:334,0
DA:336,0
DA:337,0
DA:338,0
DA:339,0
DA:341,0
DA:344,0
DA:346,0
DA:350,0
DA:351,0
DA:352,0
DA:354,0
DA:355,0
DA:356,0
DA:358,0
DA:360,0
DA:361,0
DA:363,0
DA:364,0
LF:170
LH:11
BRDA:57,0,0,0
BRDA:72,1,0,0
BRDA:84,2,0,0
BRDA:100,3,0,0
BRDA:100,3,1,0
BRDA:107,4,0,0
BRDA:122,5,0,0
BRDA:152,6,0,0
BRDA:155,7,0,0
BRDA:163,8,0,0
BRDA:175,9,0,0
BRDA:195,10,0,0
BRDA:216,11,0,0
BRDA:230,12,0,0
BRDA:254,13,0,0
BRDA:274,14,0,0
BRDA:284,15,0,0
BRDA:286,16,0,0
BRDA:291,17,0,0
BRDA:295,18,0,0
BRDA:305,19,0,0
BRDA:309,20,0,0
BRDA:314,21,0,0
BRDA:322,22,0,0
BRDA:331,23,0,0
BRDA:338,24,0,0
BRDA:351,25,0,0
BRDA:355,26,0,0
BRDA:360,27,0,0
BRF:29
BRH:0
end_of_record
TN:
SF:src\culturas\dto\actualizar-productos.dto.ts
FN:7,(anonymous_2)
FNF:1
FNH:0
FNDA:0,(anonymous_2)
DA:1,1
DA:2,1
DA:5,1
DA:7,0
DA:10,1
LF:5
LH:4
BRF:0
BRH:0
end_of_record
TN:
SF:src\culturas\dto\agregar-paises.dto.ts
FN:7,(anonymous_2)
FNF:1
FNH:0
FNDA:0,(anonymous_2)
DA:1,1
DA:2,1
DA:5,1
DA:7,0
DA:10,1
LF:5
LH:4
BRF:0
BRH:0
end_of_record
TN:
SF:src\culturas\dto\agregar-receta.dto.ts
FN:7,(anonymous_2)
FNF:1
FNH:0
FNDA:0,(anonymous_2)
DA:1,1
DA:2,1
DA:5,1
DA:7,0
DA:10,1
LF:5
LH:4
BRF:0
BRH:0
end_of_record
TN:
SF:src\culturas\dto\agregar-restaurantes.dto.ts
FNF:0
FNH:0
DA:1,0
DA:2,0
DA:5,0
DA:10,0
LF:4
LH:0
BRF:0
BRH:0
end_of_record
TN:
SF:src\culturas\dto\create-cultura.dto.ts
FNF:0
FNH:0
DA:1,2
DA:2,2
DA:5,2
DA:9,2
DA:14,2
LF:5
LH:5
BRF:0
BRH:0
end_of_record
TN:
SF:src\culturas\dto\eliminar-receta.dtos.ts
FNF:0
FNH:0
DA:1,1
DA:2,1
DA:5,1
DA:8,1
DA:12,1
LF:5
LH:5
BRF:0
BRH:0
end_of_record
TN:
SF:src\culturas\dto\update-cultura.dto.ts
FNF:0
FNH:0
DA:1,2
DA:2,2
DA:5,2
DA:10,2
DA:16,2
LF:5
LH:5
BRF:0
BRH:0
end_of_record
TN:
SF:src\culturas\entities\cultura.entity.ts
FN:23,(anonymous_2)
FN:24,(anonymous_3)
FN:24,(anonymous_4)
FN:28,(anonymous_5)
FN:29,(anonymous_6)
FN:29,(anonymous_7)
FN:33,(anonymous_8)
FN:34,(anonymous_9)
FN:34,(anonymous_10)
FN:38,(anonymous_11)
FN:38,(anonymous_12)
FNF:11
FNH:0
FNDA:0,(anonymous_2)
FNDA:0,(anonymous_3)
FNDA:0,(anonymous_4)
FNDA:0,(anonymous_5)
FNDA:0,(anonymous_6)
FNDA:0,(anonymous_7)
FNDA:0,(anonymous_8)
FNDA:0,(anonymous_9)
FNDA:0,(anonymous_10)
FNDA:0,(anonymous_11)
FNDA:0,(anonymous_12)
DA:1,17
DA:2,17
DA:3,17
DA:4,17
DA:5,17
DA:6,17
DA:10,17
DA:13,17
DA:17,17
DA:21,17
DA:23,0
DA:24,0
DA:26,17
DA:28,0
DA:29,0
DA:31,17
DA:33,0
DA:34,0
DA:35,17
DA:38,0
DA:39,17
LF:21
LH:14
BRF:0
BRH:0
end_of_record
TN:
SF:src\paises\paises.controller.ts
FN:15,(anonymous_4)
FN:20,(anonymous_5)
FN:27,(anonymous_6)
FN:34,(anonymous_7)
FN:41,(anonymous_8)
FN:50,(anonymous_9)
FN:57,(anonymous_10)
FN:67,(anonymous_11)
FN:74,(anonymous_12)
FN:84,(anonymous_13)
FNF:10
FNH:0
FNDA:0,(anonymous_4)
FNDA:0,(anonymous_5)
FNDA:0,(anonymous_6)
FNDA:0,(anonymous_7)
FNDA:0,(anonymous_8)
FNDA:0,(anonymous_9)
FNDA:0,(anonymous_10)
FNDA:0,(anonymous_11)
FNDA:0,(anonymous_12)
FNDA:0,(anonymous_13)
DA:1,0
DA:2,0
DA:3,0
DA:4,0
DA:5,0
DA:7,0
DA:8,0
DA:9,0
DA:10,0
DA:14,0
DA:15,0
DA:20,0
DA:21,0
DA:27,0
DA:28,0
DA:34,0
DA:35,0
DA:41,0
DA:44,0
DA:50,0
DA:51,0
DA:57,0
DA:61,0
DA:67,0
DA:68,0
DA:74,0
DA:78,0
DA:84,0
DA:89,0
DA:90,0
LF:30
LH:0
BRF:0
BRH:0
end_of_record
TN:
SF:src\paises\paises.module.ts
FNF:0
FNH:0
DA:1,0
DA:2,0
DA:3,0
DA:4,0
DA:5,0
DA:6,0
DA:7,0
DA:8,0
DA:15,0
LF:9
LH:0
BRF:0
BRH:0
end_of_record
TN:
SF:src\paises\paises.resolver.ts
FN:9,(anonymous_4)
FN:12,(anonymous_5)
FN:17,(anonymous_6)
FN:22,(anonymous_7)
FN:28,(anonymous_8)
FN:34,(anonymous_9)
FN:11,(anonymous_10)
FN:16,(anonymous_11)
FN:21,(anonymous_12)
FN:27,(anonymous_13)
FN:33,(anonymous_14)
FN:7,(anonymous_15)
FNF:12
FNH:4
FNDA:3,(anonymous_4)
FNDA:0,(anonymous_5)
FNDA:0,(anonymous_6)
FNDA:1,(anonymous_7)
FNDA:0,(anonymous_8)
FNDA:1,(anonymous_9)
FNDA:0,(anonymous_10)
FNDA:0,(anonymous_11)
FNDA:0,(anonymous_12)
FNDA:0,(anonymous_13)
FNDA:0,(anonymous_14)
FNDA:2,(anonymous_15)
DA:1,1
DA:2,1
DA:3,1
DA:4,1
DA:5,1
DA:7,2
DA:8,1
DA:9,3
DA:11,0
DA:12,1
DA:13,0
DA:16,0
DA:17,1
DA:18,0
DA:21,0
DA:22,1
DA:23,1
DA:24,1
DA:27,0
DA:28,1
DA:29,0
DA:30,0
DA:33,0
DA:34,1
DA:35,1
DA:36,1
LF:26
LH:17
BRF:0
BRH:0
end_of_record
TN:
SF:src\paises\paises.service.ts
FN:13,(anonymous_4)
FN:20,(anonymous_5)
FN:30,(anonymous_6)
FN:40,(anonymous_7)
FN:52,(anonymous_8)
FN:68,(anonymous_9)
FN:81,(anonymous_10)
FN:96,(anonymous_11)
FN:105,(anonymous_12)
FN:119,(anonymous_13)
FN:130,(anonymous_14)
FN:134,(anonymous_15)
FN:139,(anonymous_16)
FNF:13
FNH:13
FNDA:20,(anonymous_4)
FNDA:2,(anonymous_5)
FNDA:2,(anonymous_6)
FNDA:2,(anonymous_7)
FNDA:1,(anonymous_8)
FNDA:2,(anonymous_9)
FNDA:2,(anonymous_10)
FNDA:2,(anonymous_11)
FNDA:2,(anonymous_12)
FNDA:4,(anonymous_13)
FNDA:2,(anonymous_14)
FNDA:2,(anonymous_15)
FNDA:2,(anonymous_16)
DA:1,2
DA:4,2
DA:5,2
DA:6,2
DA:7,2
DA:8,2
DA:11,2
DA:15,20
DA:18,20
DA:21,2
DA:22,2
DA:23,2
DA:24,1
DA:26,1
DA:31,2
DA:32,2
DA:33,1
DA:35,1
DA:41,2
DA:46,2
DA:47,1
DA:49,1
DA:53,1
DA:57,1
DA:58,0
DA:60,1
DA:61,1
DA:62,1
DA:64,0
DA:69,2
DA:70,2
DA:71,2
DA:72,1
DA:74,1
DA:82,2
DA:83,2
DA:84,0
DA:87,2
DA:90,2
DA:91,1
DA:92,1
DA:97,2
DA:98,2
DA:99,1
DA:101,1
DA:106,2
DA:107,2
DA:108,2
DA:109,1
DA:114,1
DA:115,1
DA:120,4
DA:124,4
DA:125,1
DA:127,3
DA:128,1
DA:130,2
DA:131,2
DA:132,1
DA:134,2
DA:135,1
DA:140,2
DA:141,1
LF:63
LH:60
BRDA:46,0,0,1
BRDA:57,1,0,0
BRDA:83,2,0,0
BRDA:98,3,0,1
BRDA:108,4,0,1
BRDA:124,5,0,1
BRDA:127,6,0,1
BRDA:127,7,0,3
BRDA:127,7,1,3
BRDA:131,8,0,1
BRDA:140,9,0,1
BRF:11
BRH:9
end_of_record
TN:
SF:src\paises\dto\agregar-culturas.dto.ts
FNF:0
FNH:0
DA:1,0
DA:3,0
DA:7,0
LF:3
LH:0
BRF:0
BRH:0
end_of_record
TN:
SF:src\paises\dto\create-pais.dto.ts
FNF:0
FNH:0
DA:1,1
DA:2,1
DA:7,1
DA:12,1
LF:4
LH:4
BRF:0
BRH:0
end_of_record
TN:
SF:src\paises\dto\update-pais.dto.ts
FNF:0
FNH:0
DA:1,0
DA:2,0
DA:3,0
DA:6,0
LF:4
LH:0
BRF:0
BRH:0
end_of_record
TN:
SF:src\paises\entities\pais.entity.ts
FN:17,(anonymous_2)
FN:18,(anonymous_3)
FN:18,(anonymous_4)
FN:21,(anonymous_5)
FN:22,(anonymous_6)
FN:22,(anonymous_7)
FNF:6
FNH:0
FNDA:0,(anonymous_2)
FNDA:0,(anonymous_3)
FNDA:0,(anonymous_4)
FNDA:0,(anonymous_5)
FNDA:0,(anonymous_6)
FNDA:0,(anonymous_7)
DA:1,17
DA:2,17
DA:3,17
DA:4,17
DA:8,17
DA:11,17
DA:15,17
DA:17,0
DA:18,0
DA:19,17
DA:21,0
DA:22,0
DA:23,17
LF:13
LH:9
BRF:0
BRH:0
end_of_record
TN:
SF:src\productos\productos.controller.ts
FN:13,(anonymous_4)
FN:18,(anonymous_5)
FN:25,(anonymous_6)
FN:32,(anonymous_7)
FN:39,(anonymous_8)
FN:46,(anonymous_9)
FN:53,(anonymous_10)
FN:63,(anonymous_11)
FN:72,(anonymous_12)
FN:82,(anonymous_13)
FNF:10
FNH:9
FNDA:9,(anonymous_4)
FNDA:1,(anonymous_5)
FNDA:1,(anonymous_6)
FNDA:1,(anonymous_7)
FNDA:1,(anonymous_8)
FNDA:1,(anonymous_9)
FNDA:1,(anonymous_10)
FNDA:0,(anonymous_11)
FNDA:1,(anonymous_12)
FNDA:1,(anonymous_13)
DA:1,1
DA:2,1
DA:3,1
DA:4,1
DA:5,1
DA:6,1
DA:7,1
DA:8,1
DA:9,1
DA:12,1
DA:13,9
DA:18,1
DA:19,1
DA:25,1
DA:26,1
DA:32,1
DA:33,1
DA:39,1
DA:40,1
DA:46,1
DA:47,1
DA:53,1
DA:57,1
DA:63,1
DA:66,0
DA:72,1
DA:76,1
DA:82,1
DA:85,1
LF:29
LH:28
BRF:0
BRH:0
end_of_record
TN:
SF:src\productos\productos.module.ts
FNF:0
FNH:0
DA:1,0
DA:2,0
DA:3,0
DA:4,0
DA:5,0
DA:6,0
DA:7,0
DA:14,0
LF:8
LH:0
BRF:0
BRH:0
end_of_record
TN:
SF:src\productos\productos.resolver.ts
FN:10,(anonymous_4)
FN:13,(anonymous_5)
FN:18,(anonymous_6)
FN:23,(anonymous_7)
FN:29,(anonymous_8)
FN:35,(anonymous_9)
FN:43,(anonymous_10)
FN:48,(anonymous_11)
FN:53,(anonymous_12)
FN:58,(anonymous_13)
FN:12,(anonymous_14)
FN:17,(anonymous_15)
FN:22,(anonymous_16)
FN:28,(anonymous_17)
FN:34,(anonymous_18)
FN:42,(anonymous_19)
FN:47,(anonymous_20)
FN:52,(anonymous_21)
FN:57,(anonymous_22)
FNF:19
FNH:9
FNDA:9,(anonymous_4)
FNDA:1,(anonymous_5)
FNDA:1,(anonymous_6)
FNDA:1,(anonymous_7)
FNDA:1,(anonymous_8)
FNDA:1,(anonymous_9)
FNDA:1,(anonymous_10)
FNDA:1,(anonymous_11)
FNDA:1,(anonymous_12)
FNDA:0,(anonymous_13)
FNDA:0,(anonymous_14)
FNDA:0,(anonymous_15)
FNDA:0,(anonymous_16)
FNDA:0,(anonymous_17)
FNDA:0,(anonymous_18)
FNDA:0,(anonymous_19)
FNDA:0,(anonymous_20)
FNDA:0,(anonymous_21)
FNDA:0,(anonymous_22)
DA:1,1
DA:2,1
DA:3,1
DA:4,1
DA:5,1
DA:6,1
DA:9,1
DA:10,9
DA:12,0
DA:13,1
DA:14,1
DA:17,0
DA:18,1
DA:19,1
DA:22,0
DA:23,1
DA:24,1
DA:25,1
DA:28,0
DA:29,1
DA:30,1
DA:31,1
DA:34,0
DA:35,1
DA:36,1
DA:37,1
DA:42,0
DA:43,1
DA:44,1
DA:47,0
DA:48,1
DA:49,1
DA:52,0
DA:53,1
DA:54,1
DA:57,0
DA:58,1
DA:59,0
DA:60,0
LF:39
LH:28
BRF:0
BRH:0
end_of_record
TN:
SF:src\productos\productos.service.ts
FN:16,(anonymous_4)
FN:28,(anonymous_5)
FN:44,(anonymous_6)
FN:59,(anonymous_7)
FN:67,(anonymous_8)
FN:89,(anonymous_9)
FN:97,(anonymous_10)
FN:112,(anonymous_11)
FN:117,(anonymous_12)
FN:134,(anonymous_13)
FNF:10
FNH:10
FNDA:14,(anonymous_4)
FNDA:3,(anonymous_5)
FNDA:1,(anonymous_6)
FNDA:1,(anonymous_7)
FNDA:2,(anonymous_8)
FNDA:1,(anonymous_9)
FNDA:2,(anonymous_10)
FNDA:1,(anonymous_11)
FNDA:2,(anonymous_12)
FNDA:1,(anonymous_13)
DA:1,3
DA:4,3
DA:5,3
DA:6,3
DA:7,3
DA:8,3
DA:9,3
DA:13,3
DA:14,14
DA:18,14
DA:21,14
DA:24,14
DA:29,3
DA:31,3
DA:32,1
DA:34,1
DA:35,1
DA:39,2
DA:45,1
DA:46,1
DA:48,1
DA:49,1
DA:50,1
DA:51,1
DA:53,0
DA:55,0
DA:60,1
DA:61,1
DA:62,1
DA:64,0
DA:68,2
DA:69,2
DA:70,1
DA:72,1
DA:74,1
DA:75,0
DA:77,0
DA:78,0
DA:81,1
DA:82,1
DA:83,1
DA:84,1
DA:85,1
DA:90,1
DA:91,1
DA:92,1
DA:94,0
DA:98,2
DA:100,2
DA:101,1
DA:103,1
DA:105,1
DA:106,0
DA:108,1
DA:109,1
DA:113,1
DA:114,1
DA:118,2
DA:121,2
DA:122,0
DA:125,2
DA:126,2
DA:127,1
DA:130,1
DA:131,1
DA:135,1
DA:136,1
DA:138,1
LF:68
LH:59
BRDA:31,0,0,1
BRDA:34,1,0,1
BRDA:48,2,0,1
BRDA:61,3,0,1
BRDA:69,4,0,1
BRDA:74,5,0,0
BRDA:77,6,0,0
BRDA:91,7,0,1
BRDA:100,8,0,1
BRDA:105,9,0,0
BRDA:121,10,0,0
BRDA:126,11,0,1
BRF:12
BRH:8
end_of_record
TN:
SF:src\productos\dto\create-categoria.dto.ts
FNF:0
FNH:0
DA:1,1
DA:2,1
DA:5,1
DA:8,1
LF:4
LH:4
BRF:0
BRH:0
end_of_record
TN:
SF:src\productos\dto\create-producto.dto.ts
FNF:0
FNH:0
DA:1,2
DA:2,2
DA:5,2
DA:10,2
DA:15,2
DA:20,2
DA:25,2
LF:7
LH:7
BRF:0
BRH:0
end_of_record
TN:
SF:src\productos\dto\update-producto.dto.ts
FNF:0
FNH:0
DA:1,2
DA:2,2
DA:6,2
DA:11,2
DA:16,2
DA:21,2
DA:26,2
LF:7
LH:7
BRF:0
BRH:0
end_of_record
TN:
SF:src\productos\entities\producto.entity.ts
FN:30,(anonymous_2)
FN:30,(anonymous_3)
FN:33,(anonymous_4)
FN:34,(anonymous_5)
FN:34,(anonymous_6)
FN:37,(anonymous_7)
FN:38,(anonymous_8)
FN:38,(anonymous_9)
FNF:8
FNH:0
FNDA:0,(anonymous_2)
FNDA:0,(anonymous_3)
FNDA:0,(anonymous_4)
FNDA:0,(anonymous_5)
FNDA:0,(anonymous_6)
FNDA:0,(anonymous_7)
FNDA:0,(anonymous_8)
FNDA:0,(anonymous_9)
DA:2,17
DA:3,17
DA:4,17
DA:5,17
DA:6,17
DA:11,17
DA:15,17
DA:19,17
DA:23,17
DA:27,17
DA:30,0
DA:31,17
DA:33,0
DA:34,0
DA:35,17
DA:37,0
DA:38,0
DA:39,17
LF:18
LH:13
BRF:0
BRH:0
end_of_record
TN:
SF:src\recetas\recetas.controller.ts
FN:14,(anonymous_4)
FN:19,(anonymous_5)
FN:26,(anonymous_6)
FN:33,(anonymous_7)
FN:40,(anonymous_8)
FN:49,(anonymous_9)
FN:56,(anonymous_10)
FN:66,(anonymous_11)
FN:75,(anonymous_12)
FN:85,(anonymous_13)
FNF:10
FNH:8
FNDA:8,(anonymous_4)
FNDA:1,(anonymous_5)
FNDA:1,(anonymous_6)
FNDA:1,(anonymous_7)
FNDA:1,(anonymous_8)
FNDA:1,(anonymous_9)
FNDA:1,(anonymous_10)
FNDA:0,(anonymous_11)
FNDA:1,(anonymous_12)
FNDA:0,(anonymous_13)
DA:1,1
DA:2,1
DA:3,1
DA:4,1
DA:5,1
DA:6,1
DA:7,1
DA:8,1
DA:9,1
DA:10,1
DA:13,1
DA:14,8
DA:19,1
DA:20,1
DA:26,1
DA:27,1
DA:33,1
DA:34,1
DA:40,1
DA:43,1
DA:49,1
DA:50,1
DA:56,1
DA:60,1
DA:66,1
DA:69,0
DA:75,1
DA:79,1
DA:85,1
DA:88,0
DA:89,0
LF:31
LH:28
BRF:0
BRH:0
end_of_record
TN:
SF:src\recetas\recetas.module.ts
FNF:0
FNH:0
DA:1,0
DA:2,0
DA:3,0
DA:4,0
DA:5,0
DA:6,0
DA:7,0
DA:8,0
DA:17,0
LF:9
LH:0
BRF:0
BRH:0
end_of_record
TN:
SF:src\recetas\recetas.resolver.ts
FN:11,(anonymous_4)
FN:14,(anonymous_5)
FN:19,(anonymous_6)
FN:24,(anonymous_7)
FN:30,(anonymous_8)
FN:36,(anonymous_9)
FN:42,(anonymous_10)
FN:47,(anonymous_11)
FN:55,(anonymous_12)
FN:63,(anonymous_13)
FN:71,(anonymous_14)
FN:76,(anonymous_15)
FN:13,(anonymous_16)
FN:18,(anonymous_17)
FN:23,(anonymous_18)
FN:29,(anonymous_19)
FN:35,(anonymous_20)
FN:41,(anonymous_21)
FN:42,(anonymous_22)
FN:46,(anonymous_23)
FN:49,(anonymous_24)
FN:54,(anonymous_25)
FN:62,(anonymous_26)
FN:70,(anonymous_27)
FNF:24
FNH:8
FNDA:8,(anonymous_4)
FNDA:1,(anonymous_5)
FNDA:1,(anonymous_6)
FNDA:1,(anonymous_7)
FNDA:0,(anonymous_8)
FNDA:1,(anonymous_9)
FNDA:1,(anonymous_10)
FNDA:1,(anonymous_11)
FNDA:1,(anonymous_12)
FNDA:0,(anonymous_13)
FNDA:0,(anonymous_14)
FNDA:0,(anonymous_15)
FNDA:0,(anonymous_16)
FNDA:0,(anonymous_17)
FNDA:0,(anonymous_18)
FNDA:0,(anonymous_19)
FNDA:0,(anonymous_20)
FNDA:0,(anonymous_21)
FNDA:0,(anonymous_22)
FNDA:0,(anonymous_23)
FNDA:0,(anonymous_24)
FNDA:0,(anonymous_25)
FNDA:0,(anonymous_26)
FNDA:0,(anonymous_27)
DA:1,1
DA:2,1
DA:3,1
DA:4,1
DA:5,1
DA:6,1
DA:10,1
DA:11,8
DA:13,0
DA:14,1
DA:15,1
DA:18,0
DA:19,1
DA:20,1
DA:23,0
DA:24,1
DA:25,1
DA:26,1
DA:29,0
DA:30,1
DA:31,0
DA:32,0
DA:35,0
DA:36,1
DA:37,1
DA:38,1
DA:41,0
DA:42,1
DA:43,1
DA:46,0
DA:47,1
DA:49,0
DA:51,1
DA:54,0
DA:55,1
DA:59,1
DA:62,0
DA:63,1
DA:66,0
DA:67,0
DA:70,0
DA:71,1
DA:75,0
DA:76,0
LF:44
LH:27
BRF:0
BRH:0
end_of_record
TN:
SF:src\recetas\recetas.service.ts
FN:18,(anonymous_4)
FN:29,(anonymous_5)
FN:41,(anonymous_6)
FN:57,(anonymous_7)
FN:72,(anonymous_8)
FN:88,(anonymous_9)
FN:93,(anonymous_10)
FN:101,(anonymous_11)
FN:106,(anonymous_12)
FN:114,(anonymous_13)
FN:116,(anonymous_14)
FN:121,(anonymous_15)
FNF:12
FNH:10
FNDA:14,(anonymous_4)
FNDA:1,(anonymous_5)
FNDA:1,(anonymous_6)
FNDA:9,(anonymous_7)
FNDA:2,(anonymous_8)
FNDA:0,(anonymous_9)
FNDA:3,(anonymous_10)
FNDA:1,(anonymous_11)
FNDA:0,(anonymous_12)
FNDA:2,(anonymous_13)
FNDA:1,(anonymous_14)
FNDA:2,(anonymous_15)
DA:1,3
DA:4,3
DA:5,3
DA:6,3
DA:7,3
DA:8,3
DA:9,3
DA:13,3
DA:15,14
DA:16,14
DA:20,14
DA:23,14
DA:26,14
DA:31,1
DA:32,1
DA:33,1
DA:34,1
DA:36,0
DA:37,0
DA:42,1
DA:43,1
DA:45,1
DA:46,1
DA:47,1
DA:48,1
DA:50,0
DA:52,0
DA:53,0
DA:59,9
DA:65,9
DA:66,4
DA:68,5
DA:74,2
DA:78,2
DA:79,1
DA:80,1
DA:81,1
DA:83,0
DA:84,0
DA:89,0
DA:90,0
DA:94,3
DA:95,2
DA:96,2
DA:97,1
DA:98,1
DA:102,1
DA:103,1
DA:107,0
DA:108,0
DA:109,0
DA:110,0
DA:111,0
DA:115,2
DA:116,1
DA:117,1
DA:122,2
DA:123,1
LF:58
LH:44
BRDA:45,0,0,1
BRDA:65,1,0,4
BRDA:78,2,0,1
BRDA:122,3,0,1
BRF:4
BRH:4
end_of_record
TN:
SF:src\recetas\dto\agregar-productos.dto.ts
FNF:0
FNH:0
DA:1,1
DA:4,1
DA:8,1
LF:3
LH:3
BRF:0
BRH:0
end_of_record
TN:
SF:src\recetas\dto\create-receta.dto.ts
FNF:0
FNH:0
DA:1,2
DA:2,2
DA:5,2
DA:10,2
DA:15,2
DA:19,2
DA:24,2
DA:28,2
LF:8
LH:8
BRF:0
BRH:0
end_of_record
TN:
SF:src\recetas\dto\eliminar-productos.dto.ts
FNF:0
FNH:0
DA:1,1
DA:3,1
DA:5,1
DA:8,1
LF:4
LH:4
BRF:0
BRH:0
end_of_record
TN:
SF:src\recetas\dto\update-receta.dto.ts
FNF:0
FNH:0
DA:1,1
DA:2,1
DA:4,1
LF:3
LH:3
BRF:0
BRH:0
end_of_record
TN:
SF:src\recetas\entities\receta.entity.ts
FN:35,(anonymous_2)
FN:36,(anonymous_3)
FN:36,(anonymous_4)
FN:39,(anonymous_5)
FN:40,(anonymous_6)
FN:40,(anonymous_7)
FNF:6
FNH:0
FNDA:0,(anonymous_2)
FNDA:0,(anonymous_3)
FNDA:0,(anonymous_4)
FNDA:0,(anonymous_5)
FNDA:0,(anonymous_6)
FNDA:0,(anonymous_7)
DA:1,17
DA:2,17
DA:3,17
DA:4,17
DA:8,17
DA:12,17
DA:16,17
DA:20,17
DA:24,17
DA:28,17
DA:32,17
DA:35,0
DA:36,0
DA:37,17
DA:39,0
DA:40,0
DA:42,17
LF:17
LH:13
BRF:0
BRH:0
end_of_record
TN:
SF:src\restaurantes\restaurantes.controller.ts
FN:14,(anonymous_4)
FN:18,(anonymous_5)
FN:25,(anonymous_6)
FN:32,(anonymous_7)
FN:39,(anonymous_8)
FN:48,(anonymous_9)
FN:55,(anonymous_10)
FN:65,(anonymous_11)
FN:72,(anonymous_12)
FN:82,(anonymous_13)
FNF:10
FNH:10
FNDA:10,(anonymous_4)
FNDA:1,(anonymous_5)
FNDA:1,(anonymous_6)
FNDA:1,(anonymous_7)
FNDA:1,(anonymous_8)
FNDA:1,(anonymous_9)
FNDA:1,(anonymous_10)
FNDA:1,(anonymous_11)
FNDA:1,(anonymous_12)
FNDA:1,(anonymous_13)
DA:1,1
DA:2,1
DA:3,1
DA:4,1
DA:5,1
DA:7,1
DA:8,1
DA:9,1
DA:10,1
DA:13,1
DA:14,10
DA:18,1
DA:19,1
DA:25,1
DA:26,1
DA:32,1
DA:33,1
DA:39,1
DA:42,1
DA:48,1
DA:49,1
DA:55,1
DA:59,1
DA:65,1
DA:66,1
DA:72,1
DA:76,1
DA:82,1
DA:87,1
DA:88,1
LF:30
LH:30
BRF:0
BRH:0
end_of_record
TN:
SF:src\restaurantes\restaurantes.module.ts
FNF:0
FNH:0
DA:1,0
DA:2,0
DA:3,0
DA:4,0
DA:5,0
DA:6,0
DA:7,0
DA:8,0
DA:15,0
LF:9
LH:0
BRF:0
BRH:0
end_of_record
TN:
SF:src\restaurantes\restaurantes.resolver.ts
FN:10,(anonymous_4)
FN:13,(anonymous_5)
FN:18,(anonymous_6)
FN:23,(anonymous_7)
FN:29,(anonymous_8)
FN:35,(anonymous_9)
FN:12,(anonymous_10)
FN:17,(anonymous_11)
FN:22,(anonymous_12)
FN:28,(anonymous_13)
FN:34,(anonymous_14)
FN:8,(anonymous_15)
FNF:12
FNH:7
FNDA:6,(anonymous_4)
FNDA:1,(anonymous_5)
FNDA:1,(anonymous_6)
FNDA:1,(anonymous_7)
FNDA:1,(anonymous_8)
FNDA:1,(anonymous_9)
FNDA:0,(anonymous_10)
FNDA:0,(anonymous_11)
FNDA:0,(anonymous_12)
FNDA:0,(anonymous_13)
FNDA:0,(anonymous_14)
FNDA:2,(anonymous_15)
DA:1,1
DA:2,1
DA:3,1
DA:4,1
DA:5,1
DA:8,2
DA:9,1
DA:10,6
DA:12,0
DA:13,1
DA:14,1
DA:17,0
DA:18,1
DA:19,1
DA:22,0
DA:23,1
DA:24,1
DA:25,1
DA:28,0
DA:29,1
DA:30,1
DA:31,1
DA:34,0
DA:35,1
DA:36,1
DA:37,1
LF:26
LH:21
BRF:0
BRH:0
end_of_record
TN:
SF:src\restaurantes\restaurantes.service.ts
FN:18,(anonymous_4)
FN:29,(anonymous_5)
FN:39,(anonymous_6)
FN:53,(anonymous_7)
FN:65,(anonymous_8)
FN:81,(anonymous_9)
FN:89,(anonymous_10)
FN:104,(anonymous_11)
FN:113,(anonymous_12)
FN:127,(anonymous_13)
FN:138,(anonymous_14)
FN:142,(anonymous_15)
FN:147,(anonymous_16)
FNF:13
FNH:13
FNDA:18,(anonymous_4)
FNDA:2,(anonymous_5)
FNDA:1,(anonymous_6)
FNDA:2,(anonymous_7)
FNDA:1,(anonymous_8)
FNDA:1,(anonymous_9)
FNDA:2,(anonymous_10)
FNDA:2,(anonymous_11)
FNDA:2,(anonymous_12)
FNDA:4,(anonymous_13)
FNDA:2,(anonymous_14)
FNDA:2,(anonymous_15)
FNDA:2,(anonymous_16)
DA:1,3
DA:4,3
DA:5,3
DA:6,3
DA:7,3
DA:8,3
DA:9,3
DA:13,3
DA:15,18
DA:16,18
DA:20,18
DA:23,18
DA:26,18
DA:30,2
DA:31,2
DA:32,2
DA:33,1
DA:35,1
DA:40,1
DA:41,1
DA:42,1
DA:43,1
DA:44,1
DA:45,1
DA:47,0
DA:49,0
DA:54,2
DA:59,2
DA:60,1
DA:62,1
DA:66,1
DA:70,1
DA:71,0
DA:72,1
DA:74,1
DA:75,1
DA:77,0
DA:82,1
DA:83,1
DA:90,2
DA:91,2
DA:92,0
DA:95,2
DA:98,2
DA:99,1
DA:100,1
DA:105,2
DA:106,2
DA:107,1
DA:109,1
DA:114,2
DA:115,2
DA:116,2
DA:117,1
DA:122,1
DA:123,1
DA:128,4
DA:132,4
DA:133,1
DA:135,3
DA:136,1
DA:138,2
DA:139,2
DA:140,1
DA:142,2
DA:143,1
DA:148,2
DA:149,1
LF:68
LH:63
BRDA:42,0,0,1
BRDA:59,1,0,1
BRDA:70,2,0,0
BRDA:91,3,0,0
BRDA:106,4,0,1
BRDA:116,5,0,1
BRDA:132,6,0,1
BRDA:135,7,0,1
BRDA:135,8,0,3
BRDA:135,8,1,3
BRDA:139,9,0,1
BRDA:148,10,0,1
BRF:12
BRH:10
end_of_record
TN:
SF:src\restaurantes\dto\agregar-culturas.dto.ts
FNF:0
FNH:0
DA:1,1
DA:3,1
DA:7,1
LF:3
LH:3
BRF:0
BRH:0
end_of_record
TN:
SF:src\restaurantes\dto\create-restaurante.dto.ts
FNF:0
FNH:0
DA:1,2
DA:2,2
DA:5,2
DA:10,2
DA:14,2
DA:18,2
LF:6
LH:6
BRF:0
BRH:0
end_of_record
TN:
SF:src\restaurantes\dto\eliminar-culturas.dto.ts
FNF:0
FNH:0
DA:1,0
DA:2,0
DA:5,0
DA:8,0
DA:12,0
LF:5
LH:0
BRF:0
BRH:0
end_of_record
TN:
SF:src\restaurantes\dto\update-restaurante.dto.ts
FNF:0
FNH:0
DA:1,1
DA:2,1
DA:3,1
DA:6,1
LF:4
LH:4
BRF:0
BRH:0
end_of_record
TN:
SF:src\restaurantes\entities\restaurante.entity.ts
FN:25,(anonymous_2)
FN:26,(anonymous_3)
FN:26,(anonymous_4)
FN:29,(anonymous_5)
FN:30,(anonymous_6)
FN:30,(anonymous_7)
FNF:6
FNH:0
FNDA:0,(anonymous_2)
FNDA:0,(anonymous_3)
FNDA:0,(anonymous_4)
FNDA:0,(anonymous_5)
FNDA:0,(anonymous_6)
FNDA:0,(anonymous_7)
DA:1,17
DA:2,17
DA:3,17
DA:4,17
DA:8,17
DA:11,17
DA:15,17
DA:19,17
DA:23,17
DA:25,0
DA:26,0
DA:27,17
DA:29,0
DA:30,0
DA:31,17
LF:15
LH:11
BRF:0
BRH:0
end_of_record
TN:
SF:src\shared\errors\business-errors.ts
FN:4,(anonymous_0)
FNF:1
FNH:1
FNDA:34,(anonymous_0)
DA:1,17
DA:3,17
DA:5,34
LF:3
LH:3
BRF:0
BRH:0
end_of_record
TN:
SF:src\shared\security\constants.ts
FNF:0
FNH:0
DA:1,4
DA:6,4
LF:2
LH:2
BRF:0
BRH:0
end_of_record
TN:
SF:src\user\role.enum.ts
FN:1,(anonymous_0)
FNF:1
FNH:1
FNDA:5,(anonymous_0)
DA:1,5
DA:2,5
DA:3,5
DA:4,5
DA:5,5
DA:6,5
DA:7,5
LF:7
LH:7
BRDA:1,0,0,5
BRDA:1,0,1,5
BRF:2
BRH:2
end_of_record
TN:
SF:src\user\roles.decorator.ts
FN:4,(anonymous_0)
FNF:1
FNH:1
FNDA:54,(anonymous_0)
DA:1,5
DA:4,54
LF:2
LH:2
BRF:0
BRH:0
end_of_record
TN:
SF:src\user\user.controller.ts
FN:8,(anonymous_4)
FN:11,(anonymous_5)
FNF:2
FNH:2
FNDA:2,(anonymous_4)
FNDA:1,(anonymous_5)
DA:1,1
DA:2,1
DA:3,1
DA:6,1
DA:8,2
DA:11,1
DA:12,1
LF:7
LH:7
BRF:0
BRH:0
end_of_record
TN:
SF:src\user\user.module.ts
FNF:0
FNH:0
DA:1,0
DA:2,0
DA:3,0
DA:4,0
DA:5,0
DA:11,0
LF:6
LH:0
BRF:0
BRH:0
end_of_record
TN:
SF:src\user\user.service.ts
FN:5,(anonymous_1)
FN:15,(anonymous_2)
FN:16,(anonymous_3)
FNF:3
FNH:3
FNDA:4,(anonymous_1)
FNDA:3,(anonymous_2)
FNDA:12,(anonymous_3)
DA:1,4
DA:2,4
DA:5,4
DA:6,4
DA:16,12
LF:5
LH:5
BRF:0
BRH:0
end_of_record
TN:
SF:src\user\user\user.ts
FN:7,(anonymous_0)
FNF:1
FNH:1
FNDA:24,(anonymous_0)
DA:1,4
DA:8,24
DA:9,24
DA:10,24
DA:11,24
LF:5
LH:5
BRF:0
BRH:0
end_of_record
